2018-04-24 17:17:00 +0000  Initial pipeline context: <IDEDistributionProcessingPipelineContext: 0x7feb2b673650; archive(resolved)='<IDEArchive: 0x7feb3e1d6110>', distributionTask(resolved)='2', distributionMethod(resolved)='<IDEDistributionMethodiOSAppStoreExport: 0x7feb29780df0>', team(resolved)='<IDEProvisioningBasicTeam: 0x7feb28194b10; teamID='X2M45VLTRW', teamName='sung jun kim'>'>
	Chain (11, self inclusive):
	<IDEDistributionProcessingPipelineContext: 0x7feb2b673650; archive = '<IDEArchive: 0x7feb3e1d6110>', distributionMethod='<IDEDistributionMethodiOSAppStoreExport: 0x7feb29780df0>', team='<IDEProvisioningBasicTeam: 0x7feb28194b10; teamID='X2M45VLTRW', teamName='sung jun kim'>'>
	<IDEDistributionProcessingPipelineContext: 0x7feb2b5f0f00; archive = '<IDEArchive: 0x7feb3e1d6110>', distributionMethod='<IDEDistributionMethodiOSAppStoreExport: 0x7feb29780df0>', team='<IDEProvisioningBasicTeam: 0x7feb28194b10; teamID='X2M45VLTRW', teamName='sung jun kim'>'>
	<IDEDistributionContext: 0x7feb2912e5b0; archive = '<IDEArchive: 0x7feb3e1d6110>', distributionMethod='<IDEDistributionMethodiOSAppStoreExport: 0x7feb29780df0>', team='<IDEProvisioningBasicTeam: 0x7feb28194b10; teamID='X2M45VLTRW', teamName='sung jun kim'>'>
	<IDEDistributionContext: 0x7feb2b392120; archive = '<IDEArchive: 0x7feb3e1d6110>', distributionMethod='<IDEDistributionMethodiOSAppStoreExport: 0x7feb29780df0>', team='<IDEProvisioningBasicTeam: 0x7feb28194b10; teamID='X2M45VLTRW', teamName='sung jun kim'>'>
	<IDEDistributionContext: 0x7feb2aeb2a50; archive = '<IDEArchive: 0x7feb3e1d6110>', distributionMethod='<IDEDistributionMethodiOSAppStoreExport: 0x7feb29780df0>', team='<IDEProvisioningBasicTeam: 0x7feb28194b10; teamID='X2M45VLTRW', teamName='sung jun kim'>'>
	<IDEDistributionContext: 0x7feb2b38b360; archive = '<IDEArchive: 0x7feb3e1d6110>', distributionMethod='<IDEDistributionMethodiOSAppStoreExport: 0x7feb29780df0>', team='<IDEProvisioningBasicTeam: 0x7feb28194b10; teamID='X2M45VLTRW', teamName='sung jun kim'>'>
	<IDEDistributionContext: 0x7feb2b538240; archive = '<IDEArchive: 0x7feb3e1d6110>', distributionMethod='<IDEDistributionMethodiOSAppStoreExport: 0x7feb29780df0>', team='<IDEProvisioningBasicTeam: 0x7feb28194b10; teamID='X2M45VLTRW', teamName='sung jun kim'>'>
	<IDEDistributionContext: 0x7feb2b6d2840; archive = '<IDEArchive: 0x7feb3e1d6110>', distributionMethod='<IDEDistributionMethodiOSAppStoreExport: 0x7feb29780df0>', team='<IDEProvisioningBasicTeam: 0x7feb28194b10; teamID='X2M45VLTRW', teamName='sung jun kim'>'>
	<IDEDistributionContext: 0x7feb26f12590; archive = '<IDEArchive: 0x7feb3e1d6110>', distributionMethod='<IDEDistributionMethodiOSAppStoreExport: 0x7feb29780df0>', team='<IDEProvisioningBasicTeam: 0x7feb28194b10; teamID='X2M45VLTRW', teamName='sung jun kim'>'>
	<IDEDistributionContext: 0x7feb38834150; archive = '<IDEArchive: 0x7feb3e1d6110>', distributionMethod='<IDEDistributionMethodiOSAppStoreExport: 0x7feb29780df0>', team='(null)'>
	<IDEDistributionContext: 0x7feb2b4d7b40; archive = '<IDEArchive: 0x7feb3e1d6110>', distributionMethod='(null)', team='(null)'>
</IDEDistributionProcessingPipelineContext: 0x7feb2b673650>
2018-04-24 17:17:00 +0000  Processing step: IDEDistributionCreateDestRootStep
2018-04-24 17:17:00 +0000  Processing step: IDEDistributionCopyItemStep
2018-04-24 17:17:00 +0000  Running /usr/bin/ditto '-V' '/Users/sungjunkim/Library/Developer/Xcode/Archives/2018-04-25/Anounce_Note 2018. 4. 25. 오전 2.15.xcarchive/Products/Applications/Anounce_Note.app' '/var/folders/5v/9y6pk49n465cv6yw8kwr2f_40000gn/T/XcodeDistPipeline.7ao/Root/Payload/Anounce_Note.app'
2018-04-24 17:17:00 +0000  >>> Copying /Users/sungjunkim/Library/Developer/Xcode/Archives/2018-04-25/Anounce_Note 2018. 4. 25. 오전 2.15.xcarchive/Products/Applications/Anounce_Note.app 
2018-04-24 17:17:00 +0000  copying file ./_CodeSignature/CodeResources ... 
2018-04-24 17:17:00 +0000  36277 bytes for ./_CodeSignature/CodeResources
2018-04-24 17:17:00 +0000  copying file ./통영.png ... 
2018-04-24 17:17:00 +0000  5307 bytes for ./통영.png
copying file ./함안.png ... 
2018-04-24 17:17:00 +0000  4912 bytes for ./함안.png
copying file ./bg_1_1.png ... 
2018-04-24 17:17:00 +0000  4568704 bytes for ./bg_1_1.png
copying file ./eduitlab_logo.png ... 
2018-04-24 17:17:00 +0000  46009 bytes for ./eduitlab_logo.png
copying file ./AppIcon20x20@2x.png ... 
5088 bytes for ./AppIcon20x20@2x.png
copying file ./school_data2.sqlite ... 
2018-04-24 17:17:00 +0000  65536 bytes for ./school_data2.sqlite
copying file ./남해.png ... 
2018-04-24 17:17:00 +0000  4732 bytes for ./남해.png
copying file ./Anounce_Note ... 
2018-04-24 17:17:00 +0000  6457856 bytes for ./Anounce_Note
copying file ./AppIcon20x20@3x.png ... 
2018-04-24 17:17:00 +0000  9775 bytes for ./AppIcon20x20@3x.png
copying file ./high_school_data2.sqlite ... 
2018-04-24 17:17:00 +0000  40960 bytes for ./high_school_data2.sqlite
copying file ./의령.png ... 
2018-04-24 17:17:00 +0000  5247 bytes for ./의령.png
copying file ./question.png ... 
2018-04-24 17:17:00 +0000  3209913 bytes for ./question.png
2018-04-24 17:17:00 +0000  copying file ./AppIcon60x60@2x.png ... 
26051 bytes for ./AppIcon60x60@2x.png
copying file ./school_data8.sqlite ... 
2018-04-24 17:17:00 +0000  65536 bytes for ./school_data8.sqlite
copying file ./a_4@2x.png ... 
2018-04-24 17:17:00 +0000  2168 bytes for ./a_4@2x.png
2018-04-24 17:17:00 +0000  copying file ./거제.png ... 
2018-04-24 17:17:00 +0000  4905 bytes for ./거제.png
copying file ./school_data4.sqlite ... 
2018-04-24 17:17:00 +0000  65536 bytes for ./school_data4.sqlite
copying file ./AppIcon29x29@2x.png ... 
2018-04-24 17:17:00 +0000  9515 bytes for ./AppIcon29x29@2x.png
2018-04-24 17:17:00 +0000  copying file ./send_mail.png ... 
2018-04-24 17:17:00 +0000  16145 bytes for ./send_mail.png
copying file ./bg_5.png ... 
2018-04-24 17:17:00 +0000  170048 bytes for ./bg_5.png
copying file ./AppIcon40x40@3x.png ... 
2018-04-24 17:17:00 +0000  26051 bytes for ./AppIcon40x40@3x.png
2018-04-24 17:17:00 +0000  copying file ./삼베.png ... 
2018-04-24 17:17:00 +0000  99699 bytes for ./삼베.png
copying file ./합천.png ... 
2018-04-24 17:17:00 +0000  4916 bytes for ./합천.png
copying file ./school_data12.sqlite ... 
2018-04-24 17:17:00 +0000  65536 bytes for ./school_data12.sqlite
2018-04-24 17:17:00 +0000  copying file ./bg_4.png ... 
2018-04-24 17:17:00 +0000  182463 bytes for ./bg_4.png
copying file ./AppIcon40x40@2x.png ... 
2018-04-24 17:17:00 +0000  14782 bytes for ./AppIcon40x40@2x.png
copying file ./select_1.png ... 
2018-04-24 17:17:00 +0000  39923 bytes for ./select_1.png
2018-04-24 17:17:00 +0000  copying file ./school_data10.sqlite ... 
2018-04-24 17:17:00 +0000  65536 bytes for ./school_data10.sqlite
2018-04-24 17:17:00 +0000  copying file ./진주.png ... 
2018-04-24 17:17:00 +0000  4803 bytes for ./진주.png
2018-04-24 17:17:00 +0000  copying file ./거창.png ... 
2018-04-24 17:17:00 +0000  5240 bytes for ./거창.png
2018-04-24 17:17:00 +0000  copying file ./bg_1.png ... 
2018-04-24 17:17:00 +0000  180456 bytes for ./bg_1.png
copying file ./add_btn.png ... 
2018-04-24 17:17:00 +0000  9728 bytes for ./add_btn.png
2018-04-24 17:17:00 +0000  copying file ./AppIcon29x29@3x.png ... 
2018-04-24 17:17:00 +0000  16381 bytes for ./AppIcon29x29@3x.png
2018-04-24 17:17:00 +0000  copying file ./bg_3.png ... 
2018-04-24 17:17:00 +0000  186672 bytes for ./bg_3.png
copying file ./김해.png ... 
2018-04-24 17:17:00 +0000  4892 bytes for ./김해.png
copying file ./AppIcon60x60@3x.png ... 
2018-04-24 17:17:00 +0000  39094 bytes for ./AppIcon60x60@3x.png
2018-04-24 17:17:00 +0000  copying file ./Base.lproj/LaunchScreen.nib ... 
2018-04-24 17:17:00 +0000  3598 bytes for ./Base.lproj/LaunchScreen.nib
2018-04-24 17:17:00 +0000  copying file ./Base.lproj/Main.storyboardc/Qgc-EH-isT-view-FWk-jR-OJp.nib ... 
2018-04-24 17:17:00 +0000  8210 bytes for ./Base.lproj/Main.storyboardc/Qgc-EH-isT-view-FWk-jR-OJp.nib
copying file ./Base.lproj/Main.storyboardc/ZPg-yP-3hB-view-aP6-Eh-89i.nib ... 
2018-04-24 17:17:00 +0000  10134 bytes for ./Base.lproj/Main.storyboardc/ZPg-yP-3hB-view-aP6-Eh-89i.nib
2018-04-24 17:17:00 +0000  copying file ./Base.lproj/Main.storyboardc/UITabBarController-DDt-TV-Omn.nib ... 
2018-04-24 17:17:00 +0000  4264 bytes for ./Base.lproj/Main.storyboardc/UITabBarController-DDt-TV-Omn.nib
2018-04-24 17:17:00 +0000  copying file ./Base.lproj/Main.storyboardc/7Ke-1I-wSb-view-TPb-kf-9wF.nib ... 
2018-04-24 17:17:00 +0000  10360 bytes for ./Base.lproj/Main.storyboardc/7Ke-1I-wSb-view-TPb-kf-9wF.nib
copying file ./Base.lproj/Main.storyboardc/School_Select.nib ... 
2018-04-24 17:17:00 +0000  1852 bytes for ./Base.lproj/Main.storyboardc/School_Select.nib
2018-04-24 17:17:00 +0000  copying file ./Base.lproj/Main.storyboardc/DdS-5H-xTg-view-BMn-1U-cNW.nib ... 
2018-04-24 17:17:00 +0000  9803 bytes for ./Base.lproj/Main.storyboardc/DdS-5H-xTg-view-BMn-1U-cNW.nib
copying file ./Base.lproj/Main.storyboardc/jGQ-3S-tx9-view-5lf-HI-hp4.nib ... 
2018-04-24 17:17:00 +0000  10010 bytes for ./Base.lproj/Main.storyboardc/jGQ-3S-tx9-view-5lf-HI-hp4.nib
copying file ./Base.lproj/Main.storyboardc/UIViewController-iG3-rn-IUh.nib ... 
2018-04-24 17:17:00 +0000  1274 bytes for ./Base.lproj/Main.storyboardc/UIViewController-iG3-rn-IUh.nib
copying file ./Base.lproj/Main.storyboardc/1Og-aA-1qG-view-4I4-CY-XNq.nib ... 
2018-04-24 17:17:00 +0000  4169 bytes for ./Base.lproj/Main.storyboardc/1Og-aA-1qG-view-4I4-CY-XNq.nib
2018-04-24 17:17:00 +0000  copying file ./Base.lproj/Main.storyboardc/hkd-0j-HIu-view-UlM-Vj-da0.nib ... 
2018-04-24 17:17:00 +0000  7267 bytes for ./Base.lproj/Main.storyboardc/hkd-0j-HIu-view-UlM-Vj-da0.nib
2018-04-24 17:17:00 +0000  copying file ./Base.lproj/Main.storyboardc/iG3-rn-IUh-view-szZ-B0-Fd0.nib ... 
2018-04-24 17:17:00 +0000  8572 bytes for ./Base.lproj/Main.storyboardc/iG3-rn-IUh-view-szZ-B0-Fd0.nib
2018-04-24 17:17:00 +0000  copying file ./Base.lproj/Main.storyboardc/UIViewController-w1F-Q5-e20.nib ... 
2018-04-24 17:17:00 +0000  1487 bytes for ./Base.lproj/Main.storyboardc/UIViewController-w1F-Q5-e20.nib
2018-04-24 17:17:00 +0000  copying file ./Base.lproj/Main.storyboardc/qTI-cL-nx6-view-eEg-gN-3se.nib ... 
2018-04-24 17:17:00 +0000  8906 bytes for ./Base.lproj/Main.storyboardc/qTI-cL-nx6-view-eEg-gN-3se.nib
2018-04-24 17:17:00 +0000  copying file ./Base.lproj/Main.storyboardc/mq2-B3-K1D-view-OiE-ie-OoU.nib ... 
2018-04-24 17:17:00 +0000  7438 bytes for ./Base.lproj/Main.storyboardc/mq2-B3-K1D-view-OiE-ie-OoU.nib
copying file ./Base.lproj/Main.storyboardc/UIViewController-64n-Mv-qvf.nib ... 
2018-04-24 17:17:00 +0000  961 bytes for ./Base.lproj/Main.storyboardc/UIViewController-64n-Mv-qvf.nib
2018-04-24 17:17:00 +0000  copying file ./Base.lproj/Main.storyboardc/UIViewController-Qgc-EH-isT.nib ... 
2018-04-24 17:17:00 +0000  963 bytes for ./Base.lproj/Main.storyboardc/UIViewController-Qgc-EH-isT.nib
2018-04-24 17:17:00 +0000  copying file ./Base.lproj/Main.storyboardc/M4Z-rG-3bA-view-VCz-P3-kNV.nib ... 
2018-04-24 17:17:00 +0000  2350 bytes for ./Base.lproj/Main.storyboardc/M4Z-rG-3bA-view-VCz-P3-kNV.nib
2018-04-24 17:17:00 +0000  copying file ./Base.lproj/Main.storyboardc/UIViewController-NBD-MN-jGr.nib ... 
2018-04-24 17:17:00 +0000  966 bytes for ./Base.lproj/Main.storyboardc/UIViewController-NBD-MN-jGr.nib
copying file ./Base.lproj/Main.storyboardc/UIViewController-2Jn-HK-clW.nib ... 
2018-04-24 17:17:00 +0000  1503 bytes for ./Base.lproj/Main.storyboardc/UIViewController-2Jn-HK-clW.nib
copying file ./Base.lproj/Main.storyboardc/4El-CM-Flg-view-3Ij-o9-uKh.nib ... 
2018-04-24 17:17:00 +0000  13168 bytes for ./Base.lproj/Main.storyboardc/4El-CM-Flg-view-3Ij-o9-uKh.nib
copying file ./Base.lproj/Main.storyboardc/onK-q7-5gG-view-di2-vk-XmF.nib ... 
2018-04-24 17:17:00 +0000  6233 bytes for ./Base.lproj/Main.storyboardc/onK-q7-5gG-view-di2-vk-XmF.nib
copying file ./Base.lproj/Main.storyboardc/NBD-MN-jGr-view-lOR-QR-Jod.nib ... 
2018-04-24 17:17:00 +0000  4160 bytes for ./Base.lproj/Main.storyboardc/NBD-MN-jGr-view-lOR-QR-Jod.nib
copying file ./Base.lproj/Main.storyboardc/UIViewController-wVg-MB-dhe.nib ... 
2018-04-24 17:17:00 +0000  1278 bytes for ./Base.lproj/Main.storyboardc/UIViewController-wVg-MB-dhe.nib
copying file ./Base.lproj/Main.storyboardc/w1F-Q5-e20-view-NDP-J4-OOA.nib ... 
2018-04-24 17:17:00 +0000  5874 bytes for ./Base.lproj/Main.storyboardc/w1F-Q5-e20-view-NDP-J4-OOA.nib
2018-04-24 17:17:00 +0000  copying file ./Base.lproj/Main.storyboardc/s1T-mg-ENa-view-aeI-Mv-Bu4.nib ... 
2018-04-24 17:17:00 +0000  8759 bytes for ./Base.lproj/Main.storyboardc/s1T-mg-ENa-view-aeI-Mv-Bu4.nib
2018-04-24 17:17:00 +0000  copying file ./Base.lproj/Main.storyboardc/UIViewController-s1T-mg-ENa.nib ... 
2018-04-24 17:17:00 +0000  971 bytes for ./Base.lproj/Main.storyboardc/UIViewController-s1T-mg-ENa.nib
2018-04-24 17:17:00 +0000  copying file ./Base.lproj/Main.storyboardc/Notice.nib ... 
2018-04-24 17:17:00 +0000  1011 bytes for ./Base.lproj/Main.storyboardc/Notice.nib
2018-04-24 17:17:00 +0000  copying file ./Base.lproj/Main.storyboardc/UIViewController-jGQ-3S-tx9.nib ... 
2018-04-24 17:17:00 +0000  966 bytes for ./Base.lproj/Main.storyboardc/UIViewController-jGQ-3S-tx9.nib
2018-04-24 17:17:00 +0000  copying file ./Base.lproj/Main.storyboardc/Add_Data.nib ... 
2018-04-24 17:17:00 +0000  1401 bytes for ./Base.lproj/Main.storyboardc/Add_Data.nib
2018-04-24 17:17:00 +0000  copying file ./Base.lproj/Main.storyboardc/wVg-MB-dhe-view-GvO-oS-Fvg.nib ... 
2018-04-24 17:17:00 +0000  8573 bytes for ./Base.lproj/Main.storyboardc/wVg-MB-dhe-view-GvO-oS-Fvg.nib
2018-04-24 17:17:00 +0000  copying file ./Base.lproj/Main.storyboardc/2Jn-HK-clW-view-NzW-CN-Anf.nib ... 
2018-04-24 17:17:00 +0000  8847 bytes for ./Base.lproj/Main.storyboardc/2Jn-HK-clW-view-NzW-CN-Anf.nib
2018-04-24 17:17:00 +0000  copying file ./Base.lproj/Main.storyboardc/UIViewController-onK-q7-5gG.nib ... 
2018-04-24 17:17:00 +0000  966 bytes for ./Base.lproj/Main.storyboardc/UIViewController-onK-q7-5gG.nib
2018-04-24 17:17:00 +0000  copying file ./Base.lproj/Main.storyboardc/UIViewController-4El-CM-Flg.nib ... 
2018-04-24 17:17:00 +0000  1299 bytes for ./Base.lproj/Main.storyboardc/UIViewController-4El-CM-Flg.nib
2018-04-24 17:17:00 +0000  copying file ./Base.lproj/Main.storyboardc/Navi.nib ... 
2018-04-24 17:17:00 +0000  2000 bytes for ./Base.lproj/Main.storyboardc/Navi.nib
2018-04-24 17:17:00 +0000  copying file ./Base.lproj/Main.storyboardc/sQU-q3-NMD-view-XlY-eR-8U9.nib ... 
2018-04-24 17:17:00 +0000  7676 bytes for ./Base.lproj/Main.storyboardc/sQU-q3-NMD-view-XlY-eR-8U9.nib
2018-04-24 17:17:00 +0000  copying file ./Base.lproj/Main.storyboardc/UIViewController-sQU-q3-NMD.nib ... 
2018-04-24 17:17:00 +0000  1489 bytes for ./Base.lproj/Main.storyboardc/UIViewController-sQU-q3-NMD.nib
2018-04-24 17:17:00 +0000  copying file ./Base.lproj/Main.storyboardc/vXZ-lx-hvc-view-kh9-bI-dsS.nib ... 
2018-04-24 17:17:00 +0000  21524 bytes for ./Base.lproj/Main.storyboardc/vXZ-lx-hvc-view-kh9-bI-dsS.nib
2018-04-24 17:17:00 +0000  copying file ./Base.lproj/Main.storyboardc/UIViewController-DdS-5H-xTg.nib ... 
2018-04-24 17:17:00 +0000  969 bytes for ./Base.lproj/Main.storyboardc/UIViewController-DdS-5H-xTg.nib
2018-04-24 17:17:00 +0000  copying file ./Base.lproj/Main.storyboardc/UIViewController-hkd-0j-HIu.nib ... 
2018-04-24 17:17:00 +0000  965 bytes for ./Base.lproj/Main.storyboardc/UIViewController-hkd-0j-HIu.nib
2018-04-24 17:17:00 +0000  copying file ./Base.lproj/Main.storyboardc/64n-Mv-qvf-view-Y8t-J8-Lmx.nib ... 
2018-04-24 17:17:00 +0000  4228 bytes for ./Base.lproj/Main.storyboardc/64n-Mv-qvf-view-Y8t-J8-Lmx.nib
2018-04-24 17:17:00 +0000  copying file ./Base.lproj/Main.storyboardc/UIViewController-1Og-aA-1qG.nib ... 
2018-04-24 17:17:00 +0000  970 bytes for ./Base.lproj/Main.storyboardc/UIViewController-1Og-aA-1qG.nib
2018-04-24 17:17:00 +0000  copying file ./Base.lproj/Main.storyboardc/Info.plist ... 
2018-04-24 17:17:00 +0000  1359 bytes for ./Base.lproj/Main.storyboardc/Info.plist
2018-04-24 17:17:00 +0000  copying file ./select_2.png ... 
2018-04-24 17:17:00 +0000  43277 bytes for ./select_2.png
2018-04-24 17:17:00 +0000  copying file ./school_data6.sqlite ... 
2018-04-24 17:17:00 +0000  65536 bytes for ./school_data6.sqlite
2018-04-24 17:17:00 +0000  copying file ./산청.png ... 
2018-04-24 17:17:00 +0000  5298 bytes for ./산청.png
2018-04-24 17:17:00 +0000  copying file ./bg_2.png ... 
2018-04-24 17:17:00 +0000  186441 bytes for ./bg_2.png
copying file ./고성.png ... 
2018-04-24 17:17:00 +0000  5082 bytes for ./고성.png
2018-04-24 17:17:00 +0000  copying file ./develper.png ... 
2018-04-24 17:17:00 +0000  4090 bytes for ./develper.png
2018-04-24 17:17:00 +0000  copying file ./창녕.png ... 
2018-04-24 17:17:00 +0000  5368 bytes for ./창녕.png
2018-04-24 17:17:00 +0000  copying file ./school_data3.sqlite ... 
2018-04-24 17:17:00 +0000  65536 bytes for ./school_data3.sqlite
2018-04-24 17:17:00 +0000  copying file ./사천.png ... 
2018-04-24 17:17:00 +0000  4991 bytes for ./사천.png
copying file ./basic_face.png ... 
2018-04-24 17:17:00 +0000  10714 bytes for ./basic_face.png
2018-04-24 17:17:00 +0000  copying file ./창원.png ... 
2018-04-24 17:17:00 +0000  5374 bytes for ./창원.png
2018-04-24 17:17:00 +0000  copying file ./Assets.car ... 
2018-04-24 17:17:00 +0000  513400 bytes for ./Assets.car
copying file ./high_school_data.sqlite2 ... 
2018-04-24 17:17:00 +0000  38912 bytes for ./high_school_data.sqlite2
copying file ./basic_bg.png ... 
2018-04-24 17:17:00 +0000  18436 bytes for ./basic_bg.png
copying file ./item_1.png ... 
2018-04-24 17:17:00 +0000  3517 bytes for ./item_1.png
copying file ./하동.png ... 
2018-04-24 17:17:00 +0000  4923 bytes for ./하동.png
copying file ./makingMember.png ... 
2018-04-24 17:17:00 +0000  3957685 bytes for ./makingMember.png
copying file ./함양.png ... 
2018-04-24 17:17:00 +0000  5334 bytes for ./함양.png
copying file ./school_data9.sqlite ... 
65536 bytes for ./school_data9.sqlite
2018-04-24 17:17:00 +0000  copying file ./school_data5.sqlite ... 
2018-04-24 17:17:00 +0000  65536 bytes for ./school_data5.sqlite
copying file ./밀양.png ... 
2018-04-24 17:17:00 +0000  5049 bytes for ./밀양.png
copying file ./embedded.mobileprovision ... 
2018-04-24 17:17:00 +0000  11177 bytes for ./embedded.mobileprovision
2018-04-24 17:17:00 +0000  copying file ./school_data7.sqlite ... 
2018-04-24 17:17:00 +0000  65536 bytes for ./school_data7.sqlite
copying file ./양산.png ... 
2018-04-24 17:17:00 +0000  5415 bytes for ./양산.png
copying file ./Info.plist ... 
2018-04-24 17:17:00 +0000  1369 bytes for ./Info.plist
2018-04-24 17:17:00 +0000  copying file ./school_data11.sqlite ... 
2018-04-24 17:17:00 +0000  65536 bytes for ./school_data11.sqlite
copying file ./PkgInfo ... 
2018-04-24 17:17:00 +0000  8 bytes for ./PkgInfo
copying file ./Student_School_Data.sqlite ... 
2018-04-24 17:17:00 +0000  98304 bytes for ./Student_School_Data.sqlite
2018-04-24 17:17:00 +0000  copying file ./QnA.png ... 
2018-04-24 17:17:00 +0000  3431 bytes for ./QnA.png
2018-04-24 17:17:00 +0000  
2018-04-24 17:17:00 +0000  
2018-04-24 17:17:00 +0000  /usr/bin/ditto exited with 0
2018-04-24 17:17:00 +0000  
2018-04-24 17:17:00 +0000  2018-04-24 17:17:00 +0000  Processing step: IDEDistributionEmbedProfileStep

2018-04-24 17:17:00 +0000  Processing step: IDEDistributionItemRemovalStep
2018-04-24 17:17:00 +0000  Processing step: IDEDistributionAppThinningPlistStep
2018-04-24 17:17:00 +0000  Skipping step: IDEDistributionAppThinningPlistStep because it said so
2018-04-24 17:17:00 +0000  Processing step: IDEDistributionCompileBitcodeStep
2018-04-24 17:17:00 +0000  Skipping step: IDEDistributionCompileBitcodeStep because it said so
2018-04-24 17:17:00 +0000  Processing step: IDEDistributionCodeSlimmingStep
2018-04-24 17:17:00 +0000  Processing step: IDEDistributionCopyBCSymbolMapsStep
2018-04-24 17:17:00 +0000  Running /usr/bin/ditto '-V' '/Users/sungjunkim/Library/Developer/Xcode/Archives/2018-04-25/Anounce_Note 2018. 4. 25. 오전 2.15.xcarchive/BCSymbolMaps/A92A0DCD-3518-3AF6-9954-BF572B5F0322.bcsymbolmap' '/var/folders/5v/9y6pk49n465cv6yw8kwr2f_40000gn/T/XcodeDistPipeline.7ao/Root/BCSymbolMaps/A92A0DCD-3518-3AF6-9954-BF572B5F0322.bcsymbolmap'
2018-04-24 17:17:00 +0000  >>> Copying /Users/sungjunkim/Library/Developer/Xcode/Archives/2018-04-25/Anounce_Note 2018. 4. 25. 오전 2.15.xcarchive/BCSymbolMaps/A92A0DCD-3518-3AF6-9954-BF572B5F0322.bcsymbolmap 
2018-04-24 17:17:00 +0000  copying file ./A92A0DCD-3518-3AF6-9954-BF572B5F0322.bcsymbolmap ... 
2018-04-24 17:17:00 +0000  89615 bytes for ./A92A0DCD-3518-3AF6-9954-BF572B5F0322.bcsymbolmap
2018-04-24 17:17:00 +0000  
2018-04-24 17:17:00 +0000  
2018-04-24 17:17:00 +0000  
2018-04-24 17:17:00 +0000  /usr/bin/ditto exited with 0
2018-04-24 17:17:00 +0000  
2018-04-24 17:17:00 +0000  
2018-04-24 17:17:00 +0000  Running /usr/bin/ditto '-V' '/Users/sungjunkim/Library/Developer/Xcode/Archives/2018-04-25/Anounce_Note 2018. 4. 25. 오전 2.15.xcarchive/BCSymbolMaps/08E26F72-583C-3278-8509-22A0D14F9CCF.bcsymbolmap' '/var/folders/5v/9y6pk49n465cv6yw8kwr2f_40000gn/T/XcodeDistPipeline.7ao/Root/BCSymbolMaps/08E26F72-583C-3278-8509-22A0D14F9CCF.bcsymbolmap'
2018-04-24 17:17:00 +0000  >>> Copying /Users/sungjunkim/Library/Developer/Xcode/Archives/2018-04-25/Anounce_Note 2018. 4. 25. 오전 2.15.xcarchive/BCSymbolMaps/08E26F72-583C-3278-8509-22A0D14F9CCF.bcsymbolmap 
2018-04-24 17:17:00 +0000  copying file ./08E26F72-583C-3278-8509-22A0D14F9CCF.bcsymbolmap ... 
2018-04-24 17:17:00 +0000  86608 bytes for ./08E26F72-583C-3278-8509-22A0D14F9CCF.bcsymbolmap
2018-04-24 17:17:00 +0000  
2018-04-24 17:17:00 +0000  
2018-04-24 17:17:00 +0000  /usr/bin/ditto exited with 0
2018-04-24 17:17:00 +0000  
2018-04-24 17:17:00 +0000  
2018-04-24 17:17:00 +0000  Processing step: IDEDistributionSymbolsStep
2018-04-24 17:17:00 +0000  Excluding symbols for Anounce_Note.app
2018-04-24 17:17:00 +0000  Processing step: IDEDistributionCopyAppleProvidedContentStep
2018-04-24 17:17:00 +0000  Processing step: IDEDistributionAppThinningStep
2018-04-24 17:17:00 +0000  Skipping step: IDEDistributionAppThinningStep because it said so
2018-04-24 17:17:00 +0000  Processing step: IDEDistributionODRStep
2018-04-24 17:17:00 +0000  Processing step: IDEDistributionStripXattrsStep
2018-04-24 17:17:00 +0000  Running /usr/bin/xattr '-crs' '/var/folders/5v/9y6pk49n465cv6yw8kwr2f_40000gn/T/XcodeDistPipeline.7ao/Root/Payload/Anounce_Note.app'
2018-04-24 17:17:00 +0000  2018-04-24 17:17:00 +0000  /usr/bin/xattr exited with 0

2018-04-24 17:17:00 +0000  
2018-04-24 17:17:00 +0000  Processing step: IDEDistributionCodesignStep
2018-04-24 17:17:00 +0000  Entitlements for <IDEDistributionItem: 0x7feb3c99b040 'com.koke007.Anounce-Note' '<DVTFilePath:0x7feb2c067c10:'/Users/sungjunkim/Library/Developer/Xcode/Archives/2018-04-25/Anounce_Note 2018. 4. 25. 오전 2.15.xcarchive/Products/Applications/Anounce_Note.app'>'>: {
    "application-identifier" = "X2M45VLTRW.com.koke007.Anounce-Note";
    "beta-reports-active" = 1;
    "com.apple.developer.team-identifier" = X2M45VLTRW;
    "get-task-allow" = 0;
    "keychain-access-groups" =     (
        "X2M45VLTRW.com.koke007.Anounce-Note"
    );
}
2018-04-24 17:17:00 +0000  Writing entitlements for <IDEDistributionItem: 0x7feb3c99b040 'com.koke007.Anounce-Note' '<DVTFilePath:0x7feb2c067c10:'/Users/sungjunkim/Library/Developer/Xcode/Archives/2018-04-25/Anounce_Note 2018. 4. 25. 오전 2.15.xcarchive/Products/Applications/Anounce_Note.app'>'> to: /var/folders/5v/9y6pk49n465cv6yw8kwr2f_40000gn/T/XcodeDistPipeline.7ao/entitlementsPpqfCC
2018-04-24 17:17:00 +0000  Running /usr/bin/codesign '-vvv' '--force' '--sign' '7DDC7B9AA652C64398559BFECB82C67DD17C930C' '--preserve-metadata=identifier,flags' '--entitlements' '/var/folders/5v/9y6pk49n465cv6yw8kwr2f_40000gn/T/XcodeDistPipeline.7ao/entitlementsPpqfCC' '/var/folders/5v/9y6pk49n465cv6yw8kwr2f_40000gn/T/XcodeDistPipeline.7ao/Root/Payload/Anounce_Note.app'
2018-04-24 17:17:08 +0000  /var/folders/5v/9y6pk49n465cv6yw8kwr2f_40000gn/T/XcodeDistPipeline.7ao/Root/Payload/Anounce_Note.app: signed app bundle with Mach-O universal (armv7 arm64) [com.koke007.Anounce-Note]
2018-04-24 17:17:08 +0000  2018-04-24 17:17:08 +0000  
2018-04-24 17:17:08 +0000  /usr/bin/codesign exited with 0

2018-04-24 17:17:08 +0000  2018-04-24 17:17:08 +0000  

2018-04-24 17:17:08 +0000  Processing step: IDEDistributionStreamingZipItemStep
2018-04-24 17:17:08 +0000  Skipping step: IDEDistributionStreamingZipItemStep because it said so
2018-04-24 17:17:08 +0000  Processing step: IDEDistributionCreateIPAStep
2018-04-24 17:17:08 +0000  Running /usr/bin/ditto '-V' '-c' '-k' '--norsrc' '/var/folders/5v/9y6pk49n465cv6yw8kwr2f_40000gn/T/XcodeDistPipeline.7ao/Root' '/var/folders/5v/9y6pk49n465cv6yw8kwr2f_40000gn/T/XcodeDistPipeline.7ao/Packages/Anounce_Note.ipa'
2018-04-24 17:17:08 +0000  >>> Copying /var/folders/5v/9y6pk49n465cv6yw8kwr2f_40000gn/T/XcodeDistPipeline.7ao/Root 
2018-04-24 17:17:08 +0000  copying file ./BCSymbolMaps/08E26F72-583C-3278-8509-22A0D14F9CCF.bcsymbolmap ... 
2018-04-24 17:17:08 +0000  86608 bytes for ./BCSymbolMaps/08E26F72-583C-3278-8509-22A0D14F9CCF.bcsymbolmap
2018-04-24 17:17:08 +0000  copying file ./BCSymbolMaps/A92A0DCD-3518-3AF6-9954-BF572B5F0322.bcsymbolmap ... 
2018-04-24 17:17:08 +0000  89615 bytes for ./BCSymbolMaps/A92A0DCD-3518-3AF6-9954-BF572B5F0322.bcsymbolmap
2018-04-24 17:17:08 +0000  copying file ./Payload/Anounce_Note.app/_CodeSignature/CodeResources ... 
2018-04-24 17:17:08 +0000  36277 bytes for ./Payload/Anounce_Note.app/_CodeSignature/CodeResources
2018-04-24 17:17:08 +0000  copying file ./Payload/Anounce_Note.app/통영.png ... 
2018-04-24 17:17:08 +0000  5307 bytes for ./Payload/Anounce_Note.app/통영.png
copying file ./Payload/Anounce_Note.app/함안.png ... 
2018-04-24 17:17:08 +0000  4912 bytes for ./Payload/Anounce_Note.app/함안.png
copying file ./Payload/Anounce_Note.app/bg_1_1.png ... 
2018-04-24 17:17:09 +0000  4568704 bytes for ./Payload/Anounce_Note.app/bg_1_1.png
copying file ./Payload/Anounce_Note.app/eduitlab_logo.png ... 
2018-04-24 17:17:09 +0000  46009 bytes for ./Payload/Anounce_Note.app/eduitlab_logo.png
copying file ./Payload/Anounce_Note.app/AppIcon20x20@2x.png ... 
2018-04-24 17:17:09 +0000  5088 bytes for ./Payload/Anounce_Note.app/AppIcon20x20@2x.png
copying file ./Payload/Anounce_Note.app/school_data2.sqlite ... 
2018-04-24 17:17:09 +0000  65536 bytes for ./Payload/Anounce_Note.app/school_data2.sqlite
copying file ./Payload/Anounce_Note.app/남해.png ... 
2018-04-24 17:17:09 +0000  4732 bytes for ./Payload/Anounce_Note.app/남해.png
2018-04-24 17:17:09 +0000  copying file ./Payload/Anounce_Note.app/Anounce_Note ... 
2018-04-24 17:17:09 +0000  5638576 bytes for ./Payload/Anounce_Note.app/Anounce_Note
copying file ./Payload/Anounce_Note.app/AppIcon20x20@3x.png ... 
2018-04-24 17:17:09 +0000  9775 bytes for ./Payload/Anounce_Note.app/AppIcon20x20@3x.png
copying file ./Payload/Anounce_Note.app/high_school_data2.sqlite ... 
2018-04-24 17:17:09 +0000  40960 bytes for ./Payload/Anounce_Note.app/high_school_data2.sqlite
copying file ./Payload/Anounce_Note.app/의령.png ... 
2018-04-24 17:17:09 +0000  5247 bytes for ./Payload/Anounce_Note.app/의령.png
copying file ./Payload/Anounce_Note.app/question.png ... 
2018-04-24 17:17:09 +0000  3209913 bytes for ./Payload/Anounce_Note.app/question.png
copying file ./Payload/Anounce_Note.app/AppIcon60x60@2x.png ... 
2018-04-24 17:17:09 +0000  26051 bytes for ./Payload/Anounce_Note.app/AppIcon60x60@2x.png
copying file ./Payload/Anounce_Note.app/school_data8.sqlite ... 
2018-04-24 17:17:09 +0000  65536 bytes for ./Payload/Anounce_Note.app/school_data8.sqlite
copying file ./Payload/Anounce_Note.app/a_4@2x.png ... 
2018-04-24 17:17:09 +0000  2168 bytes for ./Payload/Anounce_Note.app/a_4@2x.png
copying file ./Payload/Anounce_Note.app/거제.png ... 
2018-04-24 17:17:09 +0000  4905 bytes for ./Payload/Anounce_Note.app/거제.png
copying file ./Payload/Anounce_Note.app/school_data4.sqlite ... 
2018-04-24 17:17:09 +0000  65536 bytes for ./Payload/Anounce_Note.app/school_data4.sqlite
copying file ./Payload/Anounce_Note.app/AppIcon29x29@2x.png ... 
2018-04-24 17:17:09 +0000  9515 bytes for ./Payload/Anounce_Note.app/AppIcon29x29@2x.png
copying file ./Payload/Anounce_Note.app/send_mail.png ... 
2018-04-24 17:17:09 +0000  16145 bytes for ./Payload/Anounce_Note.app/send_mail.png
copying file ./Payload/Anounce_Note.app/bg_5.png ... 
2018-04-24 17:17:09 +0000  170048 bytes for ./Payload/Anounce_Note.app/bg_5.png
copying file ./Payload/Anounce_Note.app/AppIcon40x40@3x.png ... 
2018-04-24 17:17:09 +0000  26051 bytes for ./Payload/Anounce_Note.app/AppIcon40x40@3x.png
copying file ./Payload/Anounce_Note.app/삼베.png ... 
2018-04-24 17:17:09 +0000  99699 bytes for ./Payload/Anounce_Note.app/삼베.png
copying file ./Payload/Anounce_Note.app/합천.png ... 
2018-04-24 17:17:09 +0000  4916 bytes for ./Payload/Anounce_Note.app/합천.png
copying file ./Payload/Anounce_Note.app/school_data12.sqlite ... 
2018-04-24 17:17:09 +0000  65536 bytes for ./Payload/Anounce_Note.app/school_data12.sqlite
copying file ./Payload/Anounce_Note.app/bg_4.png ... 
2018-04-24 17:17:09 +0000  182463 bytes for ./Payload/Anounce_Note.app/bg_4.png
copying file ./Payload/Anounce_Note.app/AppIcon40x40@2x.png ... 
2018-04-24 17:17:09 +0000  14782 bytes for ./Payload/Anounce_Note.app/AppIcon40x40@2x.png
copying file ./Payload/Anounce_Note.app/select_1.png ... 
2018-04-24 17:17:09 +0000  39923 bytes for ./Payload/Anounce_Note.app/select_1.png
copying file ./Payload/Anounce_Note.app/school_data10.sqlite ... 
2018-04-24 17:17:09 +0000  65536 bytes for ./Payload/Anounce_Note.app/school_data10.sqlite
copying file ./Payload/Anounce_Note.app/진주.png ... 
2018-04-24 17:17:09 +0000  4803 bytes for ./Payload/Anounce_Note.app/진주.png
copying file ./Payload/Anounce_Note.app/거창.png ... 
2018-04-24 17:17:09 +0000  5240 bytes for ./Payload/Anounce_Note.app/거창.png
copying file ./Payload/Anounce_Note.app/bg_1.png ... 
2018-04-24 17:17:09 +0000  180456 bytes for ./Payload/Anounce_Note.app/bg_1.png
copying file ./Payload/Anounce_Note.app/add_btn.png ... 
2018-04-24 17:17:09 +0000  9728 bytes for ./Payload/Anounce_Note.app/add_btn.png
copying file ./Payload/Anounce_Note.app/AppIcon29x29@3x.png ... 
2018-04-24 17:17:09 +0000  16381 bytes for ./Payload/Anounce_Note.app/AppIcon29x29@3x.png
copying file ./Payload/Anounce_Note.app/bg_3.png ... 
2018-04-24 17:17:09 +0000  186672 bytes for ./Payload/Anounce_Note.app/bg_3.png
copying file ./Payload/Anounce_Note.app/김해.png ... 
2018-04-24 17:17:09 +0000  4892 bytes for ./Payload/Anounce_Note.app/김해.png
2018-04-24 17:17:09 +0000  copying file ./Payload/Anounce_Note.app/AppIcon60x60@3x.png ... 
2018-04-24 17:17:09 +0000  39094 bytes for ./Payload/Anounce_Note.app/AppIcon60x60@3x.png
2018-04-24 17:17:09 +0000  copying file ./Payload/Anounce_Note.app/Base.lproj/LaunchScreen.nib ... 
2018-04-24 17:17:09 +0000  3598 bytes for ./Payload/Anounce_Note.app/Base.lproj/LaunchScreen.nib
copying file ./Payload/Anounce_Note.app/Base.lproj/Main.storyboardc/Qgc-EH-isT-view-FWk-jR-OJp.nib ... 
2018-04-24 17:17:09 +0000  8210 bytes for ./Payload/Anounce_Note.app/Base.lproj/Main.storyboardc/Qgc-EH-isT-view-FWk-jR-OJp.nib
copying file ./Payload/Anounce_Note.app/Base.lproj/Main.storyboardc/ZPg-yP-3hB-view-aP6-Eh-89i.nib ... 
2018-04-24 17:17:09 +0000  10134 bytes for ./Payload/Anounce_Note.app/Base.lproj/Main.storyboardc/ZPg-yP-3hB-view-aP6-Eh-89i.nib
copying file ./Payload/Anounce_Note.app/Base.lproj/Main.storyboardc/UITabBarController-DDt-TV-Omn.nib ... 
2018-04-24 17:17:09 +0000  4264 bytes for ./Payload/Anounce_Note.app/Base.lproj/Main.storyboardc/UITabBarController-DDt-TV-Omn.nib
copying file ./Payload/Anounce_Note.app/Base.lproj/Main.storyboardc/7Ke-1I-wSb-view-TPb-kf-9wF.nib ... 
2018-04-24 17:17:09 +0000  10360 bytes for ./Payload/Anounce_Note.app/Base.lproj/Main.storyboardc/7Ke-1I-wSb-view-TPb-kf-9wF.nib
copying file ./Payload/Anounce_Note.app/Base.lproj/Main.storyboardc/School_Select.nib ... 
2018-04-24 17:17:09 +0000  1852 bytes for ./Payload/Anounce_Note.app/Base.lproj/Main.storyboardc/School_Select.nib
copying file ./Payload/Anounce_Note.app/Base.lproj/Main.storyboardc/DdS-5H-xTg-view-BMn-1U-cNW.nib ... 
2018-04-24 17:17:09 +0000  9803 bytes for ./Payload/Anounce_Note.app/Base.lproj/Main.storyboardc/DdS-5H-xTg-view-BMn-1U-cNW.nib
copying file ./Payload/Anounce_Note.app/Base.lproj/Main.storyboardc/jGQ-3S-tx9-view-5lf-HI-hp4.nib ... 
2018-04-24 17:17:09 +0000  10010 bytes for ./Payload/Anounce_Note.app/Base.lproj/Main.storyboardc/jGQ-3S-tx9-view-5lf-HI-hp4.nib
copying file ./Payload/Anounce_Note.app/Base.lproj/Main.storyboardc/UIViewController-iG3-rn-IUh.nib ... 
2018-04-24 17:17:09 +0000  1274 bytes for ./Payload/Anounce_Note.app/Base.lproj/Main.storyboardc/UIViewController-iG3-rn-IUh.nib
copying file ./Payload/Anounce_Note.app/Base.lproj/Main.storyboardc/1Og-aA-1qG-view-4I4-CY-XNq.nib ... 
2018-04-24 17:17:09 +0000  4169 bytes for ./Payload/Anounce_Note.app/Base.lproj/Main.storyboardc/1Og-aA-1qG-view-4I4-CY-XNq.nib
copying file ./Payload/Anounce_Note.app/Base.lproj/Main.storyboardc/hkd-0j-HIu-view-UlM-Vj-da0.nib ... 
2018-04-24 17:17:09 +0000  7267 bytes for ./Payload/Anounce_Note.app/Base.lproj/Main.storyboardc/hkd-0j-HIu-view-UlM-Vj-da0.nib
copying file ./Payload/Anounce_Note.app/Base.lproj/Main.storyboardc/iG3-rn-IUh-view-szZ-B0-Fd0.nib ... 
2018-04-24 17:17:09 +0000  8572 bytes for ./Payload/Anounce_Note.app/Base.lproj/Main.storyboardc/iG3-rn-IUh-view-szZ-B0-Fd0.nib
copying file ./Payload/Anounce_Note.app/Base.lproj/Main.storyboardc/UIViewController-w1F-Q5-e20.nib ... 
1487 bytes for ./Payload/Anounce_Note.app/Base.lproj/Main.storyboardc/UIViewController-w1F-Q5-e20.nib
copying file ./Payload/Anounce_Note.app/Base.lproj/Main.storyboardc/qTI-cL-nx6-view-eEg-gN-3se.nib ... 
8906 bytes for ./Payload/Anounce_Note.app/Base.lproj/Main.storyboardc/qTI-cL-nx6-view-eEg-gN-3se.nib
copying file ./Payload/Anounce_Note.app/Base.lproj/Main.storyboardc/mq2-B3-K1D-view-OiE-ie-OoU.nib ... 
2018-04-24 17:17:09 +0000  7438 bytes for ./Payload/Anounce_Note.app/Base.lproj/Main.storyboardc/mq2-B3-K1D-view-OiE-ie-OoU.nib
copying file ./Payload/Anounce_Note.app/Base.lproj/Main.storyboardc/UIViewController-64n-Mv-qvf.nib ... 
2018-04-24 17:17:09 +0000  961 bytes for ./Payload/Anounce_Note.app/Base.lproj/Main.storyboardc/UIViewController-64n-Mv-qvf.nib
copying file ./Payload/Anounce_Note.app/Base.lproj/Main.storyboardc/UIViewController-Qgc-EH-isT.nib ... 
2018-04-24 17:17:09 +0000  963 bytes for ./Payload/Anounce_Note.app/Base.lproj/Main.storyboardc/UIViewController-Qgc-EH-isT.nib
copying file ./Payload/Anounce_Note.app/Base.lproj/Main.storyboardc/M4Z-rG-3bA-view-VCz-P3-kNV.nib ... 
2018-04-24 17:17:09 +0000  2350 bytes for ./Payload/Anounce_Note.app/Base.lproj/Main.storyboardc/M4Z-rG-3bA-view-VCz-P3-kNV.nib
copying file ./Payload/Anounce_Note.app/Base.lproj/Main.storyboardc/UIViewController-NBD-MN-jGr.nib ... 
2018-04-24 17:17:09 +0000  966 bytes for ./Payload/Anounce_Note.app/Base.lproj/Main.storyboardc/UIViewController-NBD-MN-jGr.nib
copying file ./Payload/Anounce_Note.app/Base.lproj/Main.storyboardc/UIViewController-2Jn-HK-clW.nib ... 
2018-04-24 17:17:09 +0000  1503 bytes for ./Payload/Anounce_Note.app/Base.lproj/Main.storyboardc/UIViewController-2Jn-HK-clW.nib
copying file ./Payload/Anounce_Note.app/Base.lproj/Main.storyboardc/4El-CM-Flg-view-3Ij-o9-uKh.nib ... 
2018-04-24 17:17:09 +0000  13168 bytes for ./Payload/Anounce_Note.app/Base.lproj/Main.storyboardc/4El-CM-Flg-view-3Ij-o9-uKh.nib
copying file ./Payload/Anounce_Note.app/Base.lproj/Main.storyboardc/onK-q7-5gG-view-di2-vk-XmF.nib ... 
2018-04-24 17:17:09 +0000  6233 bytes for ./Payload/Anounce_Note.app/Base.lproj/Main.storyboardc/onK-q7-5gG-view-di2-vk-XmF.nib
copying file ./Payload/Anounce_Note.app/Base.lproj/Main.storyboardc/NBD-MN-jGr-view-lOR-QR-Jod.nib ... 
2018-04-24 17:17:09 +0000  4160 bytes for ./Payload/Anounce_Note.app/Base.lproj/Main.storyboardc/NBD-MN-jGr-view-lOR-QR-Jod.nib
copying file ./Payload/Anounce_Note.app/Base.lproj/Main.storyboardc/UIViewController-wVg-MB-dhe.nib ... 
2018-04-24 17:17:09 +0000  1278 bytes for ./Payload/Anounce_Note.app/Base.lproj/Main.storyboardc/UIViewController-wVg-MB-dhe.nib
copying file ./Payload/Anounce_Note.app/Base.lproj/Main.storyboardc/w1F-Q5-e20-view-NDP-J4-OOA.nib ... 
2018-04-24 17:17:09 +0000  5874 bytes for ./Payload/Anounce_Note.app/Base.lproj/Main.storyboardc/w1F-Q5-e20-view-NDP-J4-OOA.nib
2018-04-24 17:17:09 +0000  copying file ./Payload/Anounce_Note.app/Base.lproj/Main.storyboardc/s1T-mg-ENa-view-aeI-Mv-Bu4.nib ... 
2018-04-24 17:17:09 +0000  8759 bytes for ./Payload/Anounce_Note.app/Base.lproj/Main.storyboardc/s1T-mg-ENa-view-aeI-Mv-Bu4.nib
copying file ./Payload/Anounce_Note.app/Base.lproj/Main.storyboardc/UIViewController-s1T-mg-ENa.nib ... 
2018-04-24 17:17:09 +0000  971 bytes for ./Payload/Anounce_Note.app/Base.lproj/Main.storyboardc/UIViewController-s1T-mg-ENa.nib
copying file ./Payload/Anounce_Note.app/Base.lproj/Main.storyboardc/Notice.nib ... 
2018-04-24 17:17:09 +0000  1011 bytes for ./Payload/Anounce_Note.app/Base.lproj/Main.storyboardc/Notice.nib
copying file ./Payload/Anounce_Note.app/Base.lproj/Main.storyboardc/UIViewController-jGQ-3S-tx9.nib ... 
2018-04-24 17:17:09 +0000  966 bytes for ./Payload/Anounce_Note.app/Base.lproj/Main.storyboardc/UIViewController-jGQ-3S-tx9.nib
copying file ./Payload/Anounce_Note.app/Base.lproj/Main.storyboardc/Add_Data.nib ... 
2018-04-24 17:17:09 +0000  1401 bytes for ./Payload/Anounce_Note.app/Base.lproj/Main.storyboardc/Add_Data.nib
copying file ./Payload/Anounce_Note.app/Base.lproj/Main.storyboardc/wVg-MB-dhe-view-GvO-oS-Fvg.nib ... 
2018-04-24 17:17:09 +0000  8573 bytes for ./Payload/Anounce_Note.app/Base.lproj/Main.storyboardc/wVg-MB-dhe-view-GvO-oS-Fvg.nib
copying file ./Payload/Anounce_Note.app/Base.lproj/Main.storyboardc/2Jn-HK-clW-view-NzW-CN-Anf.nib ... 
2018-04-24 17:17:09 +0000  8847 bytes for ./Payload/Anounce_Note.app/Base.lproj/Main.storyboardc/2Jn-HK-clW-view-NzW-CN-Anf.nib
2018-04-24 17:17:09 +0000  copying file ./Payload/Anounce_Note.app/Base.lproj/Main.storyboardc/UIViewController-onK-q7-5gG.nib ... 
966 bytes for ./Payload/Anounce_Note.app/Base.lproj/Main.storyboardc/UIViewController-onK-q7-5gG.nib
copying file ./Payload/Anounce_Note.app/Base.lproj/Main.storyboardc/UIViewController-4El-CM-Flg.nib ... 
2018-04-24 17:17:09 +0000  1299 bytes for ./Payload/Anounce_Note.app/Base.lproj/Main.storyboardc/UIViewController-4El-CM-Flg.nib
2018-04-24 17:17:09 +0000  copying file ./Payload/Anounce_Note.app/Base.lproj/Main.storyboardc/Navi.nib ... 
2018-04-24 17:17:09 +0000  2000 bytes for ./Payload/Anounce_Note.app/Base.lproj/Main.storyboardc/Navi.nib
copying file ./Payload/Anounce_Note.app/Base.lproj/Main.storyboardc/sQU-q3-NMD-view-XlY-eR-8U9.nib ... 
2018-04-24 17:17:09 +0000  7676 bytes for ./Payload/Anounce_Note.app/Base.lproj/Main.storyboardc/sQU-q3-NMD-view-XlY-eR-8U9.nib
2018-04-24 17:17:09 +0000  copying file ./Payload/Anounce_Note.app/Base.lproj/Main.storyboardc/UIViewController-sQU-q3-NMD.nib ... 
2018-04-24 17:17:09 +0000  1489 bytes for ./Payload/Anounce_Note.app/Base.lproj/Main.storyboardc/UIViewController-sQU-q3-NMD.nib
copying file ./Payload/Anounce_Note.app/Base.lproj/Main.storyboardc/vXZ-lx-hvc-view-kh9-bI-dsS.nib ... 
2018-04-24 17:17:09 +0000  21524 bytes for ./Payload/Anounce_Note.app/Base.lproj/Main.storyboardc/vXZ-lx-hvc-view-kh9-bI-dsS.nib
2018-04-24 17:17:09 +0000  copying file ./Payload/Anounce_Note.app/Base.lproj/Main.storyboardc/UIViewController-DdS-5H-xTg.nib ... 
969 bytes for ./Payload/Anounce_Note.app/Base.lproj/Main.storyboardc/UIViewController-DdS-5H-xTg.nib
copying file ./Payload/Anounce_Note.app/Base.lproj/Main.storyboardc/UIViewController-hkd-0j-HIu.nib ... 
2018-04-24 17:17:09 +0000  965 bytes for ./Payload/Anounce_Note.app/Base.lproj/Main.storyboardc/UIViewController-hkd-0j-HIu.nib
copying file ./Payload/Anounce_Note.app/Base.lproj/Main.storyboardc/64n-Mv-qvf-view-Y8t-J8-Lmx.nib ... 
2018-04-24 17:17:09 +0000  4228 bytes for ./Payload/Anounce_Note.app/Base.lproj/Main.storyboardc/64n-Mv-qvf-view-Y8t-J8-Lmx.nib
2018-04-24 17:17:09 +0000  copying file ./Payload/Anounce_Note.app/Base.lproj/Main.storyboardc/UIViewController-1Og-aA-1qG.nib ... 
970 bytes for ./Payload/Anounce_Note.app/Base.lproj/Main.storyboardc/UIViewController-1Og-aA-1qG.nib
copying file ./Payload/Anounce_Note.app/Base.lproj/Main.storyboardc/Info.plist ... 
2018-04-24 17:17:09 +0000  1359 bytes for ./Payload/Anounce_Note.app/Base.lproj/Main.storyboardc/Info.plist
copying file ./Payload/Anounce_Note.app/select_2.png ... 
2018-04-24 17:17:09 +0000  43277 bytes for ./Payload/Anounce_Note.app/select_2.png
copying file ./Payload/Anounce_Note.app/school_data6.sqlite ... 
2018-04-24 17:17:09 +0000  65536 bytes for ./Payload/Anounce_Note.app/school_data6.sqlite
copying file ./Payload/Anounce_Note.app/산청.png ... 
2018-04-24 17:17:09 +0000  5298 bytes for ./Payload/Anounce_Note.app/산청.png
copying file ./Payload/Anounce_Note.app/bg_2.png ... 
2018-04-24 17:17:09 +0000  186441 bytes for ./Payload/Anounce_Note.app/bg_2.png
copying file ./Payload/Anounce_Note.app/고성.png ... 
2018-04-24 17:17:09 +0000  5082 bytes for ./Payload/Anounce_Note.app/고성.png
copying file ./Payload/Anounce_Note.app/develper.png ... 
2018-04-24 17:17:09 +0000  4090 bytes for ./Payload/Anounce_Note.app/develper.png
copying file ./Payload/Anounce_Note.app/창녕.png ... 
2018-04-24 17:17:09 +0000  5368 bytes for ./Payload/Anounce_Note.app/창녕.png
copying file ./Payload/Anounce_Note.app/school_data3.sqlite ... 
2018-04-24 17:17:09 +0000  65536 bytes for ./Payload/Anounce_Note.app/school_data3.sqlite
copying file ./Payload/Anounce_Note.app/사천.png ... 
2018-04-24 17:17:09 +0000  4991 bytes for ./Payload/Anounce_Note.app/사천.png
2018-04-24 17:17:09 +0000  copying file ./Payload/Anounce_Note.app/basic_face.png ... 
2018-04-24 17:17:09 +0000  10714 bytes for ./Payload/Anounce_Note.app/basic_face.png
copying file ./Payload/Anounce_Note.app/창원.png ... 
2018-04-24 17:17:09 +0000  5374 bytes for ./Payload/Anounce_Note.app/창원.png
copying file ./Payload/Anounce_Note.app/Assets.car ... 
2018-04-24 17:17:09 +0000  513400 bytes for ./Payload/Anounce_Note.app/Assets.car
copying file ./Payload/Anounce_Note.app/high_school_data.sqlite2 ... 
2018-04-24 17:17:09 +0000  38912 bytes for ./Payload/Anounce_Note.app/high_school_data.sqlite2
copying file ./Payload/Anounce_Note.app/basic_bg.png ... 
2018-04-24 17:17:09 +0000  18436 bytes for ./Payload/Anounce_Note.app/basic_bg.png
copying file ./Payload/Anounce_Note.app/item_1.png ... 
2018-04-24 17:17:09 +0000  3517 bytes for ./Payload/Anounce_Note.app/item_1.png
copying file ./Payload/Anounce_Note.app/하동.png ... 
2018-04-24 17:17:09 +0000  4923 bytes for ./Payload/Anounce_Note.app/하동.png
copying file ./Payload/Anounce_Note.app/makingMember.png ... 
2018-04-24 17:17:09 +0000  3957685 bytes for ./Payload/Anounce_Note.app/makingMember.png
copying file ./Payload/Anounce_Note.app/함양.png ... 
2018-04-24 17:17:09 +0000  5334 bytes for ./Payload/Anounce_Note.app/함양.png
copying file ./Payload/Anounce_Note.app/school_data9.sqlite ... 
2018-04-24 17:17:09 +0000  65536 bytes for ./Payload/Anounce_Note.app/school_data9.sqlite
copying file ./Payload/Anounce_Note.app/school_data5.sqlite ... 
2018-04-24 17:17:09 +0000  65536 bytes for ./Payload/Anounce_Note.app/school_data5.sqlite
copying file ./Payload/Anounce_Note.app/밀양.png ... 
2018-04-24 17:17:09 +0000  5049 bytes for ./Payload/Anounce_Note.app/밀양.png
copying file ./Payload/Anounce_Note.app/embedded.mobileprovision ... 
2018-04-24 17:17:09 +0000  7509 bytes for ./Payload/Anounce_Note.app/embedded.mobileprovision
copying file ./Payload/Anounce_Note.app/school_data7.sqlite ... 
2018-04-24 17:17:09 +0000  65536 bytes for ./Payload/Anounce_Note.app/school_data7.sqlite
copying file ./Payload/Anounce_Note.app/양산.png ... 
2018-04-24 17:17:09 +0000  5415 bytes for ./Payload/Anounce_Note.app/양산.png
copying file ./Payload/Anounce_Note.app/Info.plist ... 
2018-04-24 17:17:09 +0000  1369 bytes for ./Payload/Anounce_Note.app/Info.plist
copying file ./Payload/Anounce_Note.app/school_data11.sqlite ... 
2018-04-24 17:17:09 +0000  65536 bytes for ./Payload/Anounce_Note.app/school_data11.sqlite
copying file ./Payload/Anounce_Note.app/PkgInfo ... 
2018-04-24 17:17:09 +0000  8 bytes for ./Payload/Anounce_Note.app/PkgInfo
copying file ./Payload/Anounce_Note.app/Student_School_Data.sqlite ... 
2018-04-24 17:17:09 +0000  98304 bytes for ./Payload/Anounce_Note.app/Student_School_Data.sqlite
copying file ./Payload/Anounce_Note.app/QnA.png ... 
2018-04-24 17:17:09 +0000  3431 bytes for ./Payload/Anounce_Note.app/QnA.png
2018-04-24 17:17:09 +0000  2018-04-24 17:17:09 +0000  

2018-04-24 17:17:09 +0000  /usr/bin/ditto exited with 0
2018-04-24 17:17:09 +0000  
2018-04-24 17:17:09 +0000  
2018-04-24 17:17:09 +0000  Processing step: IDEDistributionCreateManifestStep
2018-04-24 17:17:09 +0000  Skipping step: IDEDistributionCreateManifestStep because it said so
2018-04-24 17:17:55 +0000  Initial pipeline context: <IDEDistributionProcessingPipelineContext: 0x7feb28650190; archive(resolved)='<IDEArchive: 0x7feb3e1d6110>', distributionTask(resolved)='2', distributionMethod(resolved)='<IDEDistributionMethodiOSAppStoreExport: 0x7feb29780df0>', team(resolved)='<IDEProvisioningBasicTeam: 0x7feb28194b10; teamID='X2M45VLTRW', teamName='sung jun kim'>'>
	Chain (11, self inclusive):
	<IDEDistributionProcessingPipelineContext: 0x7feb28650190; archive = '<IDEArchive: 0x7feb3e1d6110>', distributionMethod='<IDEDistributionMethodiOSAppStoreExport: 0x7feb29780df0>', team='<IDEProvisioningBasicTeam: 0x7feb28194b10; teamID='X2M45VLTRW', teamName='sung jun kim'>'>
	<IDEDistributionProcessingPipelineContext: 0x7feb268139e0; archive = '<IDEArchive: 0x7feb3e1d6110>', distributionMethod='<IDEDistributionMethodiOSAppStoreExport: 0x7feb29780df0>', team='<IDEProvisioningBasicTeam: 0x7feb28194b10; teamID='X2M45VLTRW', teamName='sung jun kim'>'>
	<IDEDistributionContext: 0x7feb227d6c40; archive = '<IDEArchive: 0x7feb3e1d6110>', distributionMethod='<IDEDistributionMethodiOSAppStoreExport: 0x7feb29780df0>', team='<IDEProvisioningBasicTeam: 0x7feb28194b10; teamID='X2M45VLTRW', teamName='sung jun kim'>'>
	<IDEDistributionContext: 0x7feb2aab8380; archive = '<IDEArchive: 0x7feb3e1d6110>', distributionMethod='<IDEDistributionMethodiOSAppStoreExport: 0x7feb29780df0>', team='<IDEProvisioningBasicTeam: 0x7feb28194b10; teamID='X2M45VLTRW', teamName='sung jun kim'>'>
	<IDEDistributionContext: 0x7feb2aeb2a50; archive = '<IDEArchive: 0x7feb3e1d6110>', distributionMethod='<IDEDistributionMethodiOSAppStoreExport: 0x7feb29780df0>', team='<IDEProvisioningBasicTeam: 0x7feb28194b10; teamID='X2M45VLTRW', teamName='sung jun kim'>'>
	<IDEDistributionContext: 0x7feb2b38b360; archive = '<IDEArchive: 0x7feb3e1d6110>', distributionMethod='<IDEDistributionMethodiOSAppStoreExport: 0x7feb29780df0>', team='<IDEProvisioningBasicTeam: 0x7feb28194b10; teamID='X2M45VLTRW', teamName='sung jun kim'>'>
	<IDEDistributionContext: 0x7feb2b538240; archive = '<IDEArchive: 0x7feb3e1d6110>', distributionMethod='<IDEDistributionMethodiOSAppStoreExport: 0x7feb29780df0>', team='<IDEProvisioningBasicTeam: 0x7feb28194b10; teamID='X2M45VLTRW', teamName='sung jun kim'>'>
	<IDEDistributionContext: 0x7feb2b6d2840; archive = '<IDEArchive: 0x7feb3e1d6110>', distributionMethod='<IDEDistributionMethodiOSAppStoreExport: 0x7feb29780df0>', team='<IDEProvisioningBasicTeam: 0x7feb28194b10; teamID='X2M45VLTRW', teamName='sung jun kim'>'>
	<IDEDistributionContext: 0x7feb26f12590; archive = '<IDEArchive: 0x7feb3e1d6110>', distributionMethod='<IDEDistributionMethodiOSAppStoreExport: 0x7feb29780df0>', team='<IDEProvisioningBasicTeam: 0x7feb28194b10; teamID='X2M45VLTRW', teamName='sung jun kim'>'>
	<IDEDistributionContext: 0x7feb38834150; archive = '<IDEArchive: 0x7feb3e1d6110>', distributionMethod='<IDEDistributionMethodiOSAppStoreExport: 0x7feb29780df0>', team='(null)'>
	<IDEDistributionContext: 0x7feb2b4d7b40; archive = '<IDEArchive: 0x7feb3e1d6110>', distributionMethod='(null)', team='(null)'>
</IDEDistributionProcessingPipelineContext: 0x7feb28650190>
2018-04-24 17:17:55 +0000  Processing step: IDEDistributionCreateDestRootStep
2018-04-24 17:17:55 +0000  Processing step: IDEDistributionCopyItemStep
2018-04-24 17:17:55 +0000  Running /usr/bin/ditto '-V' '/Users/sungjunkim/Library/Developer/Xcode/Archives/2018-04-25/Anounce_Note 2018. 4. 25. 오전 2.15.xcarchive/Products/Applications/Anounce_Note.app' '/var/folders/5v/9y6pk49n465cv6yw8kwr2f_40000gn/T/XcodeDistPipeline.knV/Root/Payload/Anounce_Note.app'
2018-04-24 17:17:55 +0000  >>> Copying /Users/sungjunkim/Library/Developer/Xcode/Archives/2018-04-25/Anounce_Note 2018. 4. 25. 오전 2.15.xcarchive/Products/Applications/Anounce_Note.app 
2018-04-24 17:17:55 +0000  copying file ./_CodeSignature/CodeResources ... 
2018-04-24 17:17:55 +0000  36277 bytes for ./_CodeSignature/CodeResources
2018-04-24 17:17:55 +0000  copying file ./통영.png ... 
2018-04-24 17:17:55 +0000  5307 bytes for ./통영.png
copying file ./함안.png ... 
2018-04-24 17:17:55 +0000  4912 bytes for ./함안.png
copying file ./bg_1_1.png ... 
2018-04-24 17:17:55 +0000  4568704 bytes for ./bg_1_1.png
copying file ./eduitlab_logo.png ... 
2018-04-24 17:17:55 +0000  46009 bytes for ./eduitlab_logo.png
copying file ./AppIcon20x20@2x.png ... 
5088 bytes for ./AppIcon20x20@2x.png
copying file ./school_data2.sqlite ... 
65536 bytes for ./school_data2.sqlite
copying file ./남해.png ... 
4732 bytes for ./남해.png
copying file ./Anounce_Note ... 
2018-04-24 17:17:55 +0000  6457856 bytes for ./Anounce_Note
2018-04-24 17:17:55 +0000  copying file ./AppIcon20x20@3x.png ... 
9775 bytes for ./AppIcon20x20@3x.png
copying file ./high_school_data2.sqlite ... 
40960 bytes for ./high_school_data2.sqlite
copying file ./의령.png ... 
5247 bytes for ./의령.png
copying file ./question.png ... 
3209913 bytes for ./question.png
copying file ./AppIcon60x60@2x.png ... 
26051 bytes for ./AppIcon60x60@2x.png
copying file ./school_data8.sqlite ... 
65536 bytes for ./school_data8.sqlite
copying file ./a_4@2x.png ... 
2168 bytes for ./a_4@2x.png
copying file ./거제.png ... 
4905 bytes for ./거제.png
copying file ./school_data4.sqlite ... 
65536 bytes for ./school_data4.sqlite
copying file ./AppIcon29x29@2x.png ... 
9515 bytes for ./AppIcon29x29@2x.png
copying file ./send_mail.png ... 
16145 bytes for ./send_mail.png
copying file ./bg_5.png ... 
170048 bytes for ./bg_5.png
copying file ./AppIcon40x40@3x.png ... 
26051 bytes for ./AppIcon40x40@3x.png
copying file ./삼베.png ... 
99699 bytes for ./삼베.png
copying file ./합천.png ... 
4916 bytes for ./합천.png
copying file ./school_data12.sqlite ... 
65536 bytes for ./school_data12.sqlite
copying file ./bg_4.png ... 
182463 bytes for ./bg_4.png
copying file ./AppIcon40x40@2x.png ... 
14782 bytes for ./AppIcon40x40@2x.png
copying file ./select_1.png ... 
39923 bytes for ./select_1.png
copying file ./school_data10.sqlite ... 
65536 bytes for ./school_data10.sqlite
copying file ./진주.png ... 
4803 bytes for ./진주.png
copying file ./거창.png ... 
5240 bytes for ./거창.png
copying file ./bg_1.png ... 
180456 bytes for ./bg_1.png
copying file ./add_btn.png ... 
9728 bytes for ./add_btn.png
copying file ./AppIcon29x29@3x.png ... 
16381 bytes for ./AppIcon29x29@3x.png
copying file ./bg_3.png ... 
186672 bytes for ./bg_3.png
copying file ./김해.png ... 
4892 bytes for ./김해.png
copying file ./AppIcon60x60@3x.png ... 
39094 bytes for ./AppIcon60x60@3x.png
copying file ./Base.lproj/LaunchScreen.nib ... 
3598 bytes for ./Base.lproj/LaunchScreen.nib
copying file ./Base.lproj/Main.storyboardc/Qgc-EH-isT-view-FWk-jR-OJp.nib ... 
8210 bytes for ./Base.lproj/Main.storyboardc/Qgc-EH-isT-view-FWk-jR-OJp.nib
copying file ./Base.lproj/Main.storyboardc/ZPg-yP-3hB-view-aP6-Eh-89i.nib ... 
10134 bytes for ./Base.lproj/Main.storyboardc/ZPg-yP-3hB-view-aP6-Eh-89i.nib
copying file ./Base.lproj/Main.storyboardc/UITabBarController-DDt-TV-Omn.nib ... 
4264 bytes for ./Base.lproj/Main.storyboardc/UITabBarController-DDt-TV-Omn.nib
copying file ./Base.lproj/Main.storyboardc/7Ke-1I-wSb-view-TPb-kf-9wF.nib ... 
10360 bytes for ./Base.lproj/Main.storyboardc/7Ke-1I-wSb-view-TPb-kf-9wF.nib
copying file ./Base.lproj/Main.storyboardc/School_Select.nib ... 
1852 bytes for ./Base.lproj/Main.storyboardc/School_Select.nib
copying file ./Base.lproj/Main.storyboardc/DdS-5H-xTg-view-BMn-1U-cNW.nib ... 
9803 bytes for ./Base.lproj/Main.storyboardc/DdS-5H-xTg-view-BMn-1U-cNW.nib
copying file ./Base.lproj/Main.storyboardc/jGQ-3S-tx9-view-5lf-HI-hp4.nib ... 
10010 bytes for ./Base.lproj/Main.storyboardc/jGQ-3S-tx9-view-5lf-HI-hp4.nib
copying file ./Base.lproj/Main.storyboardc/UIViewController-iG3-rn-IUh.nib ... 
1274 bytes for ./Base.lproj/Main.storyboardc/UIViewController-iG3-rn-IUh.nib
copying file ./Base.lproj/Main.storyboardc/1Og-aA-1qG-view-4I4-CY-XNq.nib ... 
4169 bytes for ./Base.lproj/Main.storyboardc/1Og-aA-1qG-view-4I4-CY-XNq.nib
copying file ./Base.lproj/Main.storyboardc/hkd-0j-HIu-view-UlM-Vj-da0.nib ... 
7267 bytes for ./Base.lproj/Main.storyboardc/hkd-0j-HIu-view-UlM-Vj-da0.nib
copying file ./Base.lproj/Main.storyboardc/iG3-rn-IUh-view-szZ-B0-Fd0.nib ... 
8572 bytes for ./Base.lproj/Main.storyboardc/iG3-rn-IUh-view-szZ-B0-Fd0.nib
copying file ./Base.lproj/Main.storyboardc/UIViewController-w1F-Q5-e20.nib ... 
1487 bytes for ./Base.lproj/Main.storyboardc/UIViewController-w1F-Q5-e20.nib
copying file ./Base.lproj/Main.storyboardc/qTI-cL-nx6-view-eEg-gN-3se.nib ... 
8906 bytes for ./Base.lproj/Main.storyboardc/
2018-04-24 17:17:55 +0000  qTI-cL-nx6-view-eEg-gN-3se.nib
copying file ./Base.lproj/Main.storyboardc/mq2-B3-K1D-view-OiE-ie-OoU.nib ... 
7438 bytes for ./Base.lproj/Main.storyboardc/mq2-B3-K1D-view-OiE-ie-OoU.nib
copying file ./Base.lproj/Main.storyboardc/UIViewController-64n-Mv-qvf.nib ... 
961 bytes for ./Base.lproj/Main.storyboardc/UIViewController-64n-Mv-qvf.nib
copying file ./Base.lproj/Main.storyboardc/UIViewController-Qgc-EH-isT.nib ... 
963 bytes for ./Base.lproj/Main.storyboardc/UIViewController-Qgc-EH-isT.nib
copying file ./Base.lproj/Main.storyboardc/M4Z-rG-3bA-view-VCz-P3-kNV.nib ... 
2350 bytes for ./Base.lproj/Main.storyboardc/M4Z-rG-3bA-view-VCz-P3-kNV.nib
copying file ./Base.lproj/Main.storyboardc/UIViewController-NBD-MN-jGr.nib ... 
966 bytes for ./Base.lproj/Main.storyboardc/UIViewController-NBD-MN-jGr.nib
copying file ./Base.lproj/Main.storyboardc/UIViewController-2Jn-HK-clW.nib ... 
1503 bytes for ./Base.lproj/Main.storyboardc/UIViewController-2Jn-HK-clW.nib
copying file ./Base.lproj/Main.storyboardc/4El-CM-Flg-view-3Ij-o9-uKh.nib ... 
13168 bytes for ./Base.lproj/Main.storyboardc/4El-CM-Flg-view-3Ij-o9-uKh.nib
copying file ./Base.lproj/Main.storyboardc/onK-q7-5gG-view-di2-vk-XmF.nib ... 
6233 bytes for ./Base.lproj/Main.storyboardc/onK-q7-5gG-view-di2-vk-XmF.nib
copying file ./Base.lproj/Main.storyboardc/NBD-MN-jGr-view-lOR-QR-Jod.nib ... 
4160 bytes for ./Base.lproj/Main.storyboardc/NBD-MN-jGr-view-lOR-QR-Jod.nib
copying file ./Base.lproj/Main.storyboardc/UIViewController-wVg-MB-dhe.nib ... 
1278 bytes for ./Base.lproj/Main.storyboardc/UIViewController-wVg-MB-dhe.nib
copying file ./Base.lproj/Main.storyboardc/w1F-Q5-e20-view-NDP-J4-OOA.nib ... 
5874 bytes for ./Base.lproj/Main.storyboardc/w1F-Q5-e20-view-NDP-J4-OOA.nib
copying file ./Base.lproj/Main.storyboardc/s1T-mg-ENa-view-aeI-Mv-Bu4.nib ... 
8759 bytes for ./Base.lproj/Main.storyboardc/s1T-mg-ENa-view-aeI-Mv-Bu4.nib
copying file ./Base.lproj/Main.storyboardc/UIViewController-s1T-mg-ENa.nib ... 
971 bytes for ./Base.lproj/Main.storyboardc/UIViewController-s1T-mg-ENa.nib
copying file ./Base.lproj/Main.storyboardc/Notice.nib ... 
1011 bytes for ./Base.lproj/Main.storyboardc/Notice.nib
copying file ./Base.lproj/Main.storyboardc/UIViewController-jGQ-3S-tx9.nib ... 
966 bytes for ./Base.lproj/Main.storyboardc/UIViewController-jGQ-3S-tx9.nib
copying file ./Base.lproj/Main.storyboardc/Add_Data.nib ... 
1401 bytes for ./Base.lproj/Main.storyboardc/Add_Data.nib
copying file ./Base.lproj/Main.storyboardc/wVg-MB-dhe-view-GvO-oS-Fvg.nib ... 
8573 bytes for ./Base.lproj/Main.storyboardc/wVg-MB-dhe-view-GvO-oS-Fvg.nib
copying file ./Base.lproj/Main.storyboardc/2Jn-HK-clW-view-NzW-CN-Anf.nib ... 
8847 bytes for ./Base.lproj/Main.storyboardc/2Jn-HK-clW-view-NzW-CN-Anf.nib
copying file ./Base.lproj/Main.storyboardc/UIViewController-onK-q7-5gG.nib ... 
966 bytes for ./Base.lproj/Main.storyboardc/UIViewController-onK-q7-5gG.nib
copying file ./Base.lproj/Main.storyboardc/UIViewController-4El-CM-Flg.nib ... 
1299 bytes for ./Base.lproj/Main.storyboardc/UIViewController-4El-CM-Flg.nib
copying file ./Base.lproj/Main.storyboardc/Navi.nib ... 
2000 bytes for ./Base.lproj/Main.storyboardc/Navi.nib
copying file ./Base.lproj/Main.storyboardc/sQU-q3-NMD-view-XlY-eR-8U9.nib ... 
7676 bytes for ./Base.lproj/Main.storyboardc/sQU-q3-NMD-view-XlY-eR-8U9.nib
copying file ./Base.lproj/Main.storyboardc/UIViewController-sQU-q3-NMD.nib ... 
1489 bytes for ./Base.lproj/Main.storyboardc/UIViewController-sQU-q3-NMD.nib
copying file ./Base.lproj/Main.storyboardc/vXZ-lx-hvc-view-kh9-bI-dsS.nib ... 
21524 bytes for ./Base.lproj/Main.storyboardc/vXZ-lx-hvc-view-kh9-bI-dsS.nib
copying file ./Base.lproj/Main.storyboardc/UIViewController-DdS-5H-xTg.nib ... 
2018-04-24 17:17:55 +0000  969 bytes for ./Base.lproj/Main.storyboardc/UIViewController-DdS-5H-xTg.nib
2018-04-24 17:17:55 +0000  copying file ./Base.lproj/Main.storyboardc/UIViewController-hkd-0j-HIu.nib ... 
2018-04-24 17:17:55 +0000  965 bytes for ./Base.lproj/Main.storyboardc/UIViewController-hkd-0j-HIu.nib
copying file ./Base.lproj/Main.storyboardc/64n-Mv-qvf-view-Y8t-J8-Lmx.nib ... 
2018-04-24 17:17:55 +0000  4228 bytes for ./Base.lproj/Main.storyboardc/64n-Mv-qvf-view-Y8t-J8-Lmx.nib
2018-04-24 17:17:55 +0000  copying file ./Base.lproj/Main.storyboardc/UIViewController-1Og-aA-1qG.nib ... 
2018-04-24 17:17:55 +0000  970 bytes for ./Base.lproj/Main.storyboardc/UIViewController-1Og-aA-1qG.nib
copying file ./Base.lproj/Main.storyboardc/Info.plist ... 
2018-04-24 17:17:55 +0000  1359 bytes for ./Base.lproj/Main.storyboardc/Info.plist
2018-04-24 17:17:55 +0000  copying file ./select_2.png ... 
2018-04-24 17:17:55 +0000  43277 bytes for ./select_2.png
copying file ./school_data6.sqlite ... 
2018-04-24 17:17:55 +0000  65536 bytes for ./school_data6.sqlite
2018-04-24 17:17:55 +0000  copying file ./산청.png ... 
2018-04-24 17:17:55 +0000  5298 bytes for ./산청.png
copying file ./bg_2.png ... 
2018-04-24 17:17:55 +0000  186441 bytes for ./bg_2.png
2018-04-24 17:17:55 +0000  copying file ./고성.png ... 
2018-04-24 17:17:55 +0000  5082 bytes for ./고성.png
copying file ./develper.png ... 
2018-04-24 17:17:55 +0000  4090 bytes for ./develper.png
copying file ./창녕.png ... 
2018-04-24 17:17:55 +0000  5368 bytes for ./창녕.png
2018-04-24 17:17:55 +0000  copying file ./school_data3.sqlite ... 
2018-04-24 17:17:55 +0000  65536 bytes for ./school_data3.sqlite
2018-04-24 17:17:55 +0000  copying file ./사천.png ... 
2018-04-24 17:17:55 +0000  4991 bytes for ./사천.png
copying file ./basic_face.png ... 
2018-04-24 17:17:55 +0000  10714 bytes for ./basic_face.png
copying file ./창원.png ... 
2018-04-24 17:17:55 +0000  5374 bytes for ./창원.png
2018-04-24 17:17:55 +0000  copying file ./Assets.car ... 
2018-04-24 17:17:55 +0000  513400 bytes for ./Assets.car
copying file ./high_school_data.sqlite2 ... 
2018-04-24 17:17:55 +0000  38912 bytes for ./high_school_data.sqlite2
copying file ./basic_bg.png ... 
18436 bytes for ./basic_bg.png
copying file ./item_1.png ... 
2018-04-24 17:17:55 +0000  3517 bytes for ./item_1.png
copying file ./하동.png ... 
2018-04-24 17:17:55 +0000  4923 bytes for ./하동.png
copying file ./makingMember.png ... 
2018-04-24 17:17:55 +0000  3957685 bytes for ./makingMember.png
copying file ./함양.png ... 
2018-04-24 17:17:55 +0000  2018-04-24 17:17:55 +0000  /usr/bin/ditto exited with 0
2018-04-24 17:17:55 +0000  5334 bytes for ./함양.png
copying file ./school_data9.sqlite ... 
65536 bytes for ./school_data9.sqlite
copying file ./school_data5.sqlite ... 
65536 bytes for ./school_data5.sqlite
copying file ./밀양.png ... 
5049 bytes for ./밀양.png
copying file ./embedded.mobileprovision ... 
11177 bytes for ./embedded.mobileprovision
copying file ./school_data7.sqlite ... 
65536 bytes for ./school_data7.sqlite
copying file ./양산.png ... 
5415 bytes for ./양산.png
copying file ./Info.plist ... 
1369 bytes for ./Info.plist
copying file ./school_data11.sqlite ... 
65536 bytes for ./school_data11.sqlite
copying file ./PkgInfo ... 
8 bytes for ./PkgInfo
copying file ./Student_School_Data.sqlite ... 
98304 bytes for ./Student_School_Data.sqlite
copying file ./QnA.png ... 
3431 bytes for ./QnA.png

2018-04-24 17:17:55 +0000  Processing step: IDEDistributionEmbedProfileStep
2018-04-24 17:17:55 +0000  Processing step: IDEDistributionItemRemovalStep
2018-04-24 17:17:55 +0000  Processing step: IDEDistributionAppThinningPlistStep
2018-04-24 17:17:55 +0000  Skipping step: IDEDistributionAppThinningPlistStep because it said so
2018-04-24 17:17:55 +0000  Processing step: IDEDistributionCompileBitcodeStep
2018-04-24 17:17:55 +0000  Skipping step: IDEDistributionCompileBitcodeStep because it said so
2018-04-24 17:17:55 +0000  Processing step: IDEDistributionCodeSlimmingStep
2018-04-24 17:17:55 +0000  Processing step: IDEDistributionCopyBCSymbolMapsStep
2018-04-24 17:17:55 +0000  Running /usr/bin/ditto '-V' '/Users/sungjunkim/Library/Developer/Xcode/Archives/2018-04-25/Anounce_Note 2018. 4. 25. 오전 2.15.xcarchive/BCSymbolMaps/A92A0DCD-3518-3AF6-9954-BF572B5F0322.bcsymbolmap' '/var/folders/5v/9y6pk49n465cv6yw8kwr2f_40000gn/T/XcodeDistPipeline.knV/Root/BCSymbolMaps/A92A0DCD-3518-3AF6-9954-BF572B5F0322.bcsymbolmap'
2018-04-24 17:17:55 +0000  >>> Copying /Users/sungjunkim/Library/Developer/Xcode/Archives/2018-04-25/Anounce_Note 2018. 4. 25. 오전 2.15.xcarchive/BCSymbolMaps/A92A0DCD-3518-3AF6-9954-BF572B5F0322.bcsymbolmap 
2018-04-24 17:17:55 +0000  copying file ./A92A0DCD-3518-3AF6-9954-BF572B5F0322.bcsymbolmap ... 
2018-04-24 17:17:55 +0000  89615 bytes for ./A92A0DCD-3518-3AF6-9954-BF572B5F0322.bcsymbolmap
2018-04-24 17:17:55 +0000  
2018-04-24 17:17:55 +0000  
2018-04-24 17:17:55 +0000  /usr/bin/ditto exited with 0
2018-04-24 17:17:55 +0000  
2018-04-24 17:17:55 +0000  2018-04-24 17:17:55 +0000  Running /usr/bin/ditto '-V' '/Users/sungjunkim/Library/Developer/Xcode/Archives/2018-04-25/Anounce_Note 2018. 4. 25. 오전 2.15.xcarchive/BCSymbolMaps/08E26F72-583C-3278-8509-22A0D14F9CCF.bcsymbolmap' '/var/folders/5v/9y6pk49n465cv6yw8kwr2f_40000gn/T/XcodeDistPipeline.knV/Root/BCSymbolMaps/08E26F72-583C-3278-8509-22A0D14F9CCF.bcsymbolmap'

2018-04-24 17:17:55 +0000  >>> Copying /Users/sungjunkim/Library/Developer/Xcode/Archives/2018-04-25/Anounce_Note 2018. 4. 25. 오전 2.15.xcarchive/BCSymbolMaps/08E26F72-583C-3278-8509-22A0D14F9CCF.bcsymbolmap 
2018-04-24 17:17:55 +0000  copying file ./08E26F72-583C-3278-8509-22A0D14F9CCF.bcsymbolmap ... 
2018-04-24 17:17:55 +0000  86608 bytes for ./08E26F72-583C-3278-8509-22A0D14F9CCF.bcsymbolmap
2018-04-24 17:17:55 +0000  2018-04-24 17:17:55 +0000  

2018-04-24 17:17:55 +0000  /usr/bin/ditto exited with 0
2018-04-24 17:17:55 +0000  
2018-04-24 17:17:55 +0000  
2018-04-24 17:17:55 +0000  Processing step: IDEDistributionSymbolsStep
2018-04-24 17:17:55 +0000  Excluding symbols for Anounce_Note.app
2018-04-24 17:17:55 +0000  Processing step: IDEDistributionCopyAppleProvidedContentStep
2018-04-24 17:17:55 +0000  Processing step: IDEDistributionAppThinningStep
2018-04-24 17:17:55 +0000  Skipping step: IDEDistributionAppThinningStep because it said so
2018-04-24 17:17:55 +0000  Processing step: IDEDistributionODRStep
2018-04-24 17:17:55 +0000  Processing step: IDEDistributionStripXattrsStep
2018-04-24 17:17:55 +0000  Running /usr/bin/xattr '-crs' '/var/folders/5v/9y6pk49n465cv6yw8kwr2f_40000gn/T/XcodeDistPipeline.knV/Root/Payload/Anounce_Note.app'
2018-04-24 17:17:56 +0000  2018-04-24 17:17:56 +0000  
2018-04-24 17:17:56 +0000  /usr/bin/xattr exited with 0

2018-04-24 17:17:56 +0000  
2018-04-24 17:17:56 +0000  
2018-04-24 17:17:56 +0000  Processing step: IDEDistributionCodesignStep
2018-04-24 17:17:56 +0000  Entitlements for <IDEDistributionItem: 0x7feb3c99b040 'com.koke007.Anounce-Note' '<DVTFilePath:0x7feb2c067c10:'/Users/sungjunkim/Library/Developer/Xcode/Archives/2018-04-25/Anounce_Note 2018. 4. 25. 오전 2.15.xcarchive/Products/Applications/Anounce_Note.app'>'>: {
    "application-identifier" = "X2M45VLTRW.com.koke007.Anounce-Note";
    "beta-reports-active" = 1;
    "com.apple.developer.team-identifier" = X2M45VLTRW;
    "get-task-allow" = 0;
    "keychain-access-groups" =     (
        "X2M45VLTRW.com.koke007.Anounce-Note"
    );
}
2018-04-24 17:17:56 +0000  Writing entitlements for <IDEDistributionItem: 0x7feb3c99b040 'com.koke007.Anounce-Note' '<DVTFilePath:0x7feb2c067c10:'/Users/sungjunkim/Library/Developer/Xcode/Archives/2018-04-25/Anounce_Note 2018. 4. 25. 오전 2.15.xcarchive/Products/Applications/Anounce_Note.app'>'> to: /var/folders/5v/9y6pk49n465cv6yw8kwr2f_40000gn/T/XcodeDistPipeline.knV/entitlementsdzu1Od
2018-04-24 17:17:56 +0000  Running /usr/bin/codesign '-vvv' '--force' '--sign' '7DDC7B9AA652C64398559BFECB82C67DD17C930C' '--preserve-metadata=identifier,flags' '--entitlements' '/var/folders/5v/9y6pk49n465cv6yw8kwr2f_40000gn/T/XcodeDistPipeline.knV/entitlementsdzu1Od' '/var/folders/5v/9y6pk49n465cv6yw8kwr2f_40000gn/T/XcodeDistPipeline.knV/Root/Payload/Anounce_Note.app'
2018-04-24 17:18:03 +0000  /var/folders/5v/9y6pk49n465cv6yw8kwr2f_40000gn/T/XcodeDistPipeline.knV/Root/Payload/Anounce_Note.app: signed app bundle with Mach-O universal (armv7 arm64) [com.koke007.Anounce-Note]
2018-04-24 17:18:03 +0000  
2018-04-24 17:18:03 +0000  2018-04-24 17:18:03 +0000  /usr/bin/codesign exited with 0

2018-04-24 17:18:03 +0000  2018-04-24 17:18:03 +0000  

2018-04-24 17:18:03 +0000  Processing step: IDEDistributionStreamingZipItemStep
2018-04-24 17:18:03 +0000  Skipping step: IDEDistributionStreamingZipItemStep because it said so
2018-04-24 17:18:03 +0000  Processing step: IDEDistributionCreateIPAStep
2018-04-24 17:18:03 +0000  Running /usr/bin/ditto '-V' '-c' '-k' '--norsrc' '/var/folders/5v/9y6pk49n465cv6yw8kwr2f_40000gn/T/XcodeDistPipeline.knV/Root' '/var/folders/5v/9y6pk49n465cv6yw8kwr2f_40000gn/T/XcodeDistPipeline.knV/Packages/Anounce_Note.ipa'
2018-04-24 17:18:03 +0000  >>> Copying /var/folders/5v/9y6pk49n465cv6yw8kwr2f_40000gn/T/XcodeDistPipeline.knV/Root 
2018-04-24 17:18:03 +0000  copying file ./BCSymbolMaps/08E26F72-583C-3278-8509-22A0D14F9CCF.bcsymbolmap ... 
2018-04-24 17:18:03 +0000  86608 bytes for ./BCSymbolMaps/08E26F72-583C-3278-8509-22A0D14F9CCF.bcsymbolmap
2018-04-24 17:18:03 +0000  copying file ./BCSymbolMaps/A92A0DCD-3518-3AF6-9954-BF572B5F0322.bcsymbolmap ... 
2018-04-24 17:18:03 +0000  89615 bytes for ./BCSymbolMaps/A92A0DCD-3518-3AF6-9954-BF572B5F0322.bcsymbolmap
2018-04-24 17:18:03 +0000  copying file ./Payload/Anounce_Note.app/_CodeSignature/CodeResources ... 
2018-04-24 17:18:03 +0000  36277 bytes for ./Payload/Anounce_Note.app/_CodeSignature/CodeResources
2018-04-24 17:18:03 +0000  copying file ./Payload/Anounce_Note.app/통영.png ... 
2018-04-24 17:18:03 +0000  5307 bytes for ./Payload/Anounce_Note.app/통영.png
copying file ./Payload/Anounce_Note.app/함안.png ... 
2018-04-24 17:18:03 +0000  4912 bytes for ./Payload/Anounce_Note.app/함안.png
copying file ./Payload/Anounce_Note.app/bg_1_1.png ... 
2018-04-24 17:18:03 +0000  4568704 bytes for ./Payload/Anounce_Note.app/bg_1_1.png
2018-04-24 17:18:03 +0000  copying file ./Payload/Anounce_Note.app/eduitlab_logo.png ... 
2018-04-24 17:18:03 +0000  46009 bytes for ./Payload/Anounce_Note.app/eduitlab_logo.png
copying file ./Payload/Anounce_Note.app/AppIcon20x20@2x.png ... 
2018-04-24 17:18:03 +0000  5088 bytes for ./Payload/Anounce_Note.app/AppIcon20x20@2x.png
copying file ./Payload/Anounce_Note.app/school_data2.sqlite ... 
2018-04-24 17:18:03 +0000  65536 bytes for ./Payload/Anounce_Note.app/school_data2.sqlite
copying file ./Payload/Anounce_Note.app/남해.png ... 
2018-04-24 17:18:03 +0000  4732 bytes for ./Payload/Anounce_Note.app/남해.png
copying file ./Payload/Anounce_Note.app/Anounce_Note ... 
2018-04-24 17:18:03 +0000  5638576 bytes for ./Payload/Anounce_Note.app/Anounce_Note
copying file ./Payload/Anounce_Note.app/AppIcon20x20@3x.png ... 
2018-04-24 17:18:03 +0000  9775 bytes for ./Payload/Anounce_Note.app/AppIcon20x20@3x.png
copying file ./Payload/Anounce_Note.app/high_school_data2.sqlite ... 
2018-04-24 17:18:03 +0000  40960 bytes for ./Payload/Anounce_Note.app/high_school_data2.sqlite
copying file ./Payload/Anounce_Note.app/의령.png ... 
2018-04-24 17:18:03 +0000  5247 bytes for ./Payload/Anounce_Note.app/의령.png
copying file ./Payload/Anounce_Note.app/question.png ... 
2018-04-24 17:18:03 +0000  3209913 bytes for ./Payload/Anounce_Note.app/question.png
copying file ./Payload/Anounce_Note.app/AppIcon60x60@2x.png ... 
2018-04-24 17:18:03 +0000  26051 bytes for ./Payload/Anounce_Note.app/AppIcon60x60@2x.png
copying file ./Payload/Anounce_Note.app/school_data8.sqlite ... 
2018-04-24 17:18:03 +0000  65536 bytes for ./Payload/Anounce_Note.app/school_data8.sqlite
copying file ./Payload/Anounce_Note.app/a_4@2x.png ... 
2018-04-24 17:18:03 +0000  2168 bytes for ./Payload/Anounce_Note.app/a_4@2x.png
copying file ./Payload/Anounce_Note.app/거제.png ... 
2018-04-24 17:18:03 +0000  4905 bytes for ./Payload/Anounce_Note.app/거제.png
copying file ./Payload/Anounce_Note.app/school_data4.sqlite ... 
2018-04-24 17:18:03 +0000  65536 bytes for ./Payload/Anounce_Note.app/school_data4.sqlite
copying file ./Payload/Anounce_Note.app/AppIcon29x29@2x.png ... 
2018-04-24 17:18:03 +0000  9515 bytes for ./Payload/Anounce_Note.app/AppIcon29x29@2x.png
copying file ./Payload/Anounce_Note.app/send_mail.png ... 
2018-04-24 17:18:03 +0000  16145 bytes for ./Payload/Anounce_Note.app/send_mail.png
copying file ./Payload/Anounce_Note.app/bg_5.png ... 
2018-04-24 17:18:03 +0000  170048 bytes for ./Payload/Anounce_Note.app/bg_5.png
copying file ./Payload/Anounce_Note.app/AppIcon40x40@3x.png ... 
2018-04-24 17:18:03 +0000  26051 bytes for ./Payload/Anounce_Note.app/AppIcon40x40@3x.png
copying file ./Payload/Anounce_Note.app/삼베.png ... 
2018-04-24 17:18:03 +0000  99699 bytes for ./Payload/Anounce_Note.app/삼베.png
copying file ./Payload/Anounce_Note.app/합천.png ... 
2018-04-24 17:18:03 +0000  4916 bytes for ./Payload/Anounce_Note.app/합천.png
copying file ./Payload/Anounce_Note.app/school_data12.sqlite ... 
2018-04-24 17:18:03 +0000  65536 bytes for ./Payload/Anounce_Note.app/school_data12.sqlite
copying file ./Payload/Anounce_Note.app/bg_4.png ... 
2018-04-24 17:18:03 +0000  182463 bytes for ./Payload/Anounce_Note.app/bg_4.png
copying file ./Payload/Anounce_Note.app/AppIcon40x40@2x.png ... 
2018-04-24 17:18:03 +0000  14782 bytes for ./Payload/Anounce_Note.app/AppIcon40x40@2x.png
copying file ./Payload/Anounce_Note.app/select_1.png ... 
2018-04-24 17:18:03 +0000  39923 bytes for ./Payload/Anounce_Note.app/select_1.png
2018-04-24 17:18:03 +0000  copying file ./Payload/Anounce_Note.app/school_data10.sqlite ... 
2018-04-24 17:18:03 +0000  65536 bytes for ./Payload/Anounce_Note.app/school_data10.sqlite
2018-04-24 17:18:03 +0000  copying file ./Payload/Anounce_Note.app/진주.png ... 
2018-04-24 17:18:03 +0000  4803 bytes for ./Payload/Anounce_Note.app/진주.png
2018-04-24 17:18:03 +0000  copying file ./Payload/Anounce_Note.app/거창.png ... 
2018-04-24 17:18:03 +0000  5240 bytes for ./Payload/Anounce_Note.app/거창.png
2018-04-24 17:18:03 +0000  copying file ./Payload/Anounce_Note.app/bg_1.png ... 
2018-04-24 17:18:03 +0000  180456 bytes for ./Payload/Anounce_Note.app/bg_1.png
copying file ./Payload/Anounce_Note.app/add_btn.png ... 
2018-04-24 17:18:03 +0000  9728 bytes for ./Payload/Anounce_Note.app/add_btn.png
copying file ./Payload/Anounce_Note.app/AppIcon29x29@3x.png ... 
2018-04-24 17:18:03 +0000  16381 bytes for ./Payload/Anounce_Note.app/AppIcon29x29@3x.png
copying file ./Payload/Anounce_Note.app/bg_3.png ... 
2018-04-24 17:18:03 +0000  186672 bytes for ./Payload/Anounce_Note.app/bg_3.png
copying file ./Payload/Anounce_Note.app/김해.png ... 
2018-04-24 17:18:03 +0000  4892 bytes for ./Payload/Anounce_Note.app/김해.png
copying file ./Payload/Anounce_Note.app/AppIcon60x60@3x.png ... 
2018-04-24 17:18:03 +0000  39094 bytes for ./Payload/Anounce_Note.app/AppIcon60x60@3x.png
2018-04-24 17:18:03 +0000  copying file ./Payload/Anounce_Note.app/Base.lproj/LaunchScreen.nib ... 
2018-04-24 17:18:03 +0000  3598 bytes for ./Payload/Anounce_Note.app/Base.lproj/LaunchScreen.nib
copying file ./Payload/Anounce_Note.app/Base.lproj/Main.storyboardc/Qgc-EH-isT-view-FWk-jR-OJp.nib ... 
2018-04-24 17:18:03 +0000  8210 bytes for ./Payload/Anounce_Note.app/Base.lproj/Main.storyboardc/Qgc-EH-isT-view-FWk-jR-OJp.nib
copying file ./Payload/Anounce_Note.app/Base.lproj/Main.storyboardc/ZPg-yP-3hB-view-aP6-Eh-89i.nib ... 
2018-04-24 17:18:03 +0000  10134 bytes for ./Payload/Anounce_Note.app/Base.lproj/Main.storyboardc/ZPg-yP-3hB-view-aP6-Eh-89i.nib
copying file ./Payload/Anounce_Note.app/Base.lproj/Main.storyboardc/UITabBarController-DDt-TV-Omn.nib ... 
2018-04-24 17:18:03 +0000  4264 bytes for ./Payload/Anounce_Note.app/Base.lproj/Main.storyboardc/UITabBarController-DDt-TV-Omn.nib
copying file ./Payload/Anounce_Note.app/Base.lproj/Main.storyboardc/7Ke-1I-wSb-view-TPb-kf-9wF.nib ... 
2018-04-24 17:18:03 +0000  10360 bytes for ./Payload/Anounce_Note.app/Base.lproj/Main.storyboardc/7Ke-1I-wSb-view-TPb-kf-9wF.nib
copying file ./Payload/Anounce_Note.app/Base.lproj/Main.storyboardc/School_Select.nib ... 
2018-04-24 17:18:03 +0000  1852 bytes for ./Payload/Anounce_Note.app/Base.lproj/Main.storyboardc/School_Select.nib
copying file ./Payload/Anounce_Note.app/Base.lproj/Main.storyboardc/DdS-5H-xTg-view-BMn-1U-cNW.nib ... 
2018-04-24 17:18:03 +0000  9803 bytes for ./Payload/Anounce_Note.app/Base.lproj/Main.storyboardc/DdS-5H-xTg-view-BMn-1U-cNW.nib
2018-04-24 17:18:03 +0000  copying file ./Payload/Anounce_Note.app/Base.lproj/Main.storyboardc/jGQ-3S-tx9-view-5lf-HI-hp4.nib ... 
2018-04-24 17:18:03 +0000  10010 bytes for ./Payload/Anounce_Note.app/Base.lproj/Main.storyboardc/jGQ-3S-tx9-view-5lf-HI-hp4.nib
copying file ./Payload/Anounce_Note.app/Base.lproj/Main.storyboardc/UIViewController-iG3-rn-IUh.nib ... 
2018-04-24 17:18:03 +0000  1274 bytes for ./Payload/Anounce_Note.app/Base.lproj/Main.storyboardc/UIViewController-iG3-rn-IUh.nib
copying file ./Payload/Anounce_Note.app/Base.lproj/Main.storyboardc/1Og-aA-1qG-view-4I4-CY-XNq.nib ... 
2018-04-24 17:18:03 +0000  4169 bytes for ./Payload/Anounce_Note.app/Base.lproj/Main.storyboardc/1Og-aA-1qG-view-4I4-CY-XNq.nib
copying file ./Payload/Anounce_Note.app/Base.lproj/Main.storyboardc/hkd-0j-HIu-view-UlM-Vj-da0.nib ... 
2018-04-24 17:18:03 +0000  7267 bytes for ./Payload/Anounce_Note.app/Base.lproj/Main.storyboardc/hkd-0j-HIu-view-UlM-Vj-da0.nib
copying file ./Payload/Anounce_Note.app/Base.lproj/Main.storyboardc/iG3-rn-IUh-view-szZ-B0-Fd0.nib ... 
2018-04-24 17:18:03 +0000  8572 bytes for ./Payload/Anounce_Note.app/Base.lproj/Main.storyboardc/iG3-rn-IUh-view-szZ-B0-Fd0.nib
copying file ./Payload/Anounce_Note.app/Base.lproj/Main.storyboardc/UIViewController-w1F-Q5-e20.nib ... 
1487 bytes for ./Payload/Anounce_Note.app/Base.lproj/Main.storyboardc/UIViewController-w1F-Q5-e20.nib
copying file ./Payload/Anounce_Note.app/Base.lproj/Main.storyboardc/qTI-cL-nx6-view-eEg-gN-3se.nib ... 
8906 bytes for ./Payload/Anounce_Note.app/Base.lproj/Main.storyboardc/qTI-cL-nx6-view-eEg-gN-3se.nib
copying file ./Payload/Anounce_Note.app/Base.lproj/Main.storyboardc/mq2-B3-K1D-view-OiE-ie-OoU.nib ... 
2018-04-24 17:18:03 +0000  7438 bytes for ./Payload/Anounce_Note.app/Base.lproj/Main.storyboardc/mq2-B3-K1D-view-OiE-ie-OoU.nib
copying file ./Payload/Anounce_Note.app/Base.lproj/Main.storyboardc/UIViewController-64n-Mv-qvf.nib ... 
2018-04-24 17:18:03 +0000  961 bytes for ./Payload/Anounce_Note.app/Base.lproj/Main.storyboardc/UIViewController-64n-Mv-qvf.nib
copying file ./Payload/Anounce_Note.app/Base.lproj/Main.storyboardc/UIViewController-Qgc-EH-isT.nib ... 
2018-04-24 17:18:03 +0000  963 bytes for ./Payload/Anounce_Note.app/Base.lproj/Main.storyboardc/UIViewController-Qgc-EH-isT.nib
copying file ./Payload/Anounce_Note.app/Base.lproj/Main.storyboardc/M4Z-rG-3bA-view-VCz-P3-kNV.nib ... 
2018-04-24 17:18:03 +0000  2350 bytes for ./Payload/Anounce_Note.app/Base.lproj/Main.storyboardc/M4Z-rG-3bA-view-VCz-P3-kNV.nib
copying file ./Payload/Anounce_Note.app/Base.lproj/Main.storyboardc/UIViewController-NBD-MN-jGr.nib ... 
2018-04-24 17:18:03 +0000  966 bytes for ./Payload/Anounce_Note.app/Base.lproj/Main.storyboardc/UIViewController-NBD-MN-jGr.nib
copying file ./Payload/Anounce_Note.app/Base.lproj/Main.storyboardc/UIViewController-2Jn-HK-clW.nib ... 
2018-04-24 17:18:03 +0000  1503 bytes for ./Payload/Anounce_Note.app/Base.lproj/Main.storyboardc/UIViewController-2Jn-HK-clW.nib
copying file ./Payload/Anounce_Note.app/Base.lproj/Main.storyboardc/4El-CM-Flg-view-3Ij-o9-uKh.nib ... 
2018-04-24 17:18:03 +0000  13168 bytes for ./Payload/Anounce_Note.app/Base.lproj/Main.storyboardc/4El-CM-Flg-view-3Ij-o9-uKh.nib
copying file ./Payload/Anounce_Note.app/Base.lproj/Main.storyboardc/onK-q7-5gG-view-di2-vk-XmF.nib ... 
2018-04-24 17:18:03 +0000  6233 bytes for ./Payload/Anounce_Note.app/Base.lproj/Main.storyboardc/onK-q7-5gG-view-di2-vk-XmF.nib
copying file ./Payload/Anounce_Note.app/Base.lproj/Main.storyboardc/NBD-MN-jGr-view-lOR-QR-Jod.nib ... 
2018-04-24 17:18:03 +0000  4160 bytes for ./Payload/Anounce_Note.app/Base.lproj/Main.storyboardc/NBD-MN-jGr-view-lOR-QR-Jod.nib
copying file ./Payload/Anounce_Note.app/Base.lproj/Main.storyboardc/UIViewController-wVg-MB-dhe.nib ... 
2018-04-24 17:18:03 +0000  1278 bytes for ./Payload/Anounce_Note.app/Base.lproj/Main.storyboardc/UIViewController-wVg-MB-dhe.nib
copying file ./Payload/Anounce_Note.app/Base.lproj/Main.storyboardc/w1F-Q5-e20-view-NDP-J4-OOA.nib ... 
2018-04-24 17:18:03 +0000  5874 bytes for ./Payload/Anounce_Note.app/Base.lproj/Main.storyboardc/w1F-Q5-e20-view-NDP-J4-OOA.nib
2018-04-24 17:18:03 +0000  copying file ./Payload/Anounce_Note.app/Base.lproj/Main.storyboardc/s1T-mg-ENa-view-aeI-Mv-Bu4.nib ... 
2018-04-24 17:18:03 +0000  8759 bytes for ./Payload/Anounce_Note.app/Base.lproj/Main.storyboardc/s1T-mg-ENa-view-aeI-Mv-Bu4.nib
2018-04-24 17:18:03 +0000  copying file ./Payload/Anounce_Note.app/Base.lproj/Main.storyboardc/UIViewController-s1T-mg-ENa.nib ... 
971 bytes for ./Payload/Anounce_Note.app/Base.lproj/Main.storyboardc/UIViewController-s1T-mg-ENa.nib
2018-04-24 17:18:03 +0000  copying file ./Payload/Anounce_Note.app/Base.lproj/Main.storyboardc/Notice.nib ... 
1011 bytes for ./Payload/Anounce_Note.app/Base.lproj/Main.storyboardc/Notice.nib
2018-04-24 17:18:03 +0000  copying file ./Payload/Anounce_Note.app/Base.lproj/Main.storyboardc/UIViewController-jGQ-3S-tx9.nib ... 
2018-04-24 17:18:03 +0000  966 bytes for ./Payload/Anounce_Note.app/Base.lproj/Main.storyboardc/UIViewController-jGQ-3S-tx9.nib
copying file ./Payload/Anounce_Note.app/Base.lproj/Main.storyboardc/Add_Data.nib ... 
2018-04-24 17:18:03 +0000  1401 bytes for ./Payload/Anounce_Note.app/Base.lproj/Main.storyboardc/Add_Data.nib
copying file ./Payload/Anounce_Note.app/Base.lproj/Main.storyboardc/wVg-MB-dhe-view-GvO-oS-Fvg.nib ... 
2018-04-24 17:18:03 +0000  8573 bytes for ./Payload/Anounce_Note.app/Base.lproj/Main.storyboardc/wVg-MB-dhe-view-GvO-oS-Fvg.nib
2018-04-24 17:18:03 +0000  copying file ./Payload/Anounce_Note.app/Base.lproj/Main.storyboardc/2Jn-HK-clW-view-NzW-CN-Anf.nib ... 
2018-04-24 17:18:03 +0000  8847 bytes for ./Payload/Anounce_Note.app/Base.lproj/Main.storyboardc/2Jn-HK-clW-view-NzW-CN-Anf.nib
2018-04-24 17:18:03 +0000  copying file ./Payload/Anounce_Note.app/Base.lproj/Main.storyboardc/UIViewController-onK-q7-5gG.nib ... 
966 bytes for ./Payload/Anounce_Note.app/Base.lproj/Main.storyboardc/UIViewController-onK-q7-5gG.nib
2018-04-24 17:18:03 +0000  copying file ./Payload/Anounce_Note.app/Base.lproj/Main.storyboardc/UIViewController-4El-CM-Flg.nib ... 
2018-04-24 17:18:03 +0000  1299 bytes for ./Payload/Anounce_Note.app/Base.lproj/Main.storyboardc/UIViewController-4El-CM-Flg.nib
copying file ./Payload/Anounce_Note.app/Base.lproj/Main.storyboardc/Navi.nib ... 
2018-04-24 17:18:03 +0000  2000 bytes for ./Payload/Anounce_Note.app/Base.lproj/Main.storyboardc/Navi.nib
copying file ./Payload/Anounce_Note.app/Base.lproj/Main.storyboardc/sQU-q3-NMD-view-XlY-eR-8U9.nib ... 
2018-04-24 17:18:03 +0000  7676 bytes for ./Payload/Anounce_Note.app/Base.lproj/Main.storyboardc/sQU-q3-NMD-view-XlY-eR-8U9.nib
2018-04-24 17:18:03 +0000  copying file ./Payload/Anounce_Note.app/Base.lproj/Main.storyboardc/UIViewController-sQU-q3-NMD.nib ... 
2018-04-24 17:18:03 +0000  1489 bytes for ./Payload/Anounce_Note.app/Base.lproj/Main.storyboardc/UIViewController-sQU-q3-NMD.nib
copying file ./Payload/Anounce_Note.app/Base.lproj/Main.storyboardc/vXZ-lx-hvc-view-kh9-bI-dsS.nib ... 
2018-04-24 17:18:03 +0000  21524 bytes for ./Payload/Anounce_Note.app/Base.lproj/Main.storyboardc/vXZ-lx-hvc-view-kh9-bI-dsS.nib
2018-04-24 17:18:03 +0000  copying file ./Payload/Anounce_Note.app/Base.lproj/Main.storyboardc/UIViewController-DdS-5H-xTg.nib ... 
2018-04-24 17:18:03 +0000  969 bytes for ./Payload/Anounce_Note.app/Base.lproj/Main.storyboardc/UIViewController-DdS-5H-xTg.nib
copying file ./Payload/Anounce_Note.app/Base.lproj/Main.storyboardc/UIViewController-hkd-0j-HIu.nib ... 
2018-04-24 17:18:03 +0000  965 bytes for ./Payload/Anounce_Note.app/Base.lproj/Main.storyboardc/UIViewController-hkd-0j-HIu.nib
copying file ./Payload/Anounce_Note.app/Base.lproj/Main.storyboardc/64n-Mv-qvf-view-Y8t-J8-Lmx.nib ... 
2018-04-24 17:18:03 +0000  4228 bytes for ./Payload/Anounce_Note.app/Base.lproj/Main.storyboardc/64n-Mv-qvf-view-Y8t-J8-Lmx.nib
2018-04-24 17:18:03 +0000  copying file ./Payload/Anounce_Note.app/Base.lproj/Main.storyboardc/UIViewController-1Og-aA-1qG.nib ... 
970 bytes for ./Payload/Anounce_Note.app/Base.lproj/Main.storyboardc/UIViewController-1Og-aA-1qG.nib
2018-04-24 17:18:03 +0000  copying file ./Payload/Anounce_Note.app/Base.lproj/Main.storyboardc/Info.plist ... 
2018-04-24 17:18:03 +0000  1359 bytes for ./Payload/Anounce_Note.app/Base.lproj/Main.storyboardc/Info.plist
copying file ./Payload/Anounce_Note.app/select_2.png ... 
2018-04-24 17:18:03 +0000  43277 bytes for ./Payload/Anounce_Note.app/select_2.png
2018-04-24 17:18:03 +0000  copying file ./Payload/Anounce_Note.app/school_data6.sqlite ... 
2018-04-24 17:18:03 +0000  65536 bytes for ./Payload/Anounce_Note.app/school_data6.sqlite
2018-04-24 17:18:03 +0000  copying file ./Payload/Anounce_Note.app/산청.png ... 
2018-04-24 17:18:03 +0000  5298 bytes for ./Payload/Anounce_Note.app/산청.png
copying file ./Payload/Anounce_Note.app/bg_2.png ... 
2018-04-24 17:18:03 +0000  186441 bytes for ./Payload/Anounce_Note.app/bg_2.png
copying file ./Payload/Anounce_Note.app/고성.png ... 
2018-04-24 17:18:03 +0000  5082 bytes for ./Payload/Anounce_Note.app/고성.png
copying file ./Payload/Anounce_Note.app/develper.png ... 
2018-04-24 17:18:03 +0000  4090 bytes for ./Payload/Anounce_Note.app/develper.png
2018-04-24 17:18:03 +0000  copying file ./Payload/Anounce_Note.app/창녕.png ... 
2018-04-24 17:18:03 +0000  5368 bytes for ./Payload/Anounce_Note.app/창녕.png
copying file ./Payload/Anounce_Note.app/school_data3.sqlite ... 
2018-04-24 17:18:03 +0000  65536 bytes for ./Payload/Anounce_Note.app/school_data3.sqlite
copying file ./Payload/Anounce_Note.app/사천.png ... 
2018-04-24 17:18:03 +0000  4991 bytes for ./Payload/Anounce_Note.app/사천.png
copying file ./Payload/Anounce_Note.app/basic_face.png ... 
2018-04-24 17:18:03 +0000  10714 bytes for ./Payload/Anounce_Note.app/basic_face.png
copying file ./Payload/Anounce_Note.app/창원.png ... 
2018-04-24 17:18:03 +0000  5374 bytes for ./Payload/Anounce_Note.app/창원.png
copying file ./Payload/Anounce_Note.app/Assets.car ... 
2018-04-24 17:18:03 +0000  513400 bytes for ./Payload/Anounce_Note.app/Assets.car
copying file ./Payload/Anounce_Note.app/high_school_data.sqlite2 ... 
2018-04-24 17:18:03 +0000  38912 bytes for ./Payload/Anounce_Note.app/high_school_data.sqlite2
copying file ./Payload/Anounce_Note.app/basic_bg.png ... 
2018-04-24 17:18:03 +0000  18436 bytes for ./Payload/Anounce_Note.app/basic_bg.png
copying file ./Payload/Anounce_Note.app/item_1.png ... 
2018-04-24 17:18:03 +0000  3517 bytes for ./Payload/Anounce_Note.app/item_1.png
copying file ./Payload/Anounce_Note.app/하동.png ... 
2018-04-24 17:18:03 +0000  4923 bytes for ./Payload/Anounce_Note.app/하동.png
2018-04-24 17:18:03 +0000  copying file ./Payload/Anounce_Note.app/makingMember.png ... 
2018-04-24 17:18:03 +0000  3957685 bytes for ./Payload/Anounce_Note.app/makingMember.png
copying file ./Payload/Anounce_Note.app/함양.png ... 
2018-04-24 17:18:03 +0000  5334 bytes for ./Payload/Anounce_Note.app/함양.png
copying file ./Payload/Anounce_Note.app/school_data9.sqlite ... 
2018-04-24 17:18:03 +0000  65536 bytes for ./Payload/Anounce_Note.app/school_data9.sqlite
copying file ./Payload/Anounce_Note.app/school_data5.sqlite ... 
2018-04-24 17:18:03 +0000  65536 bytes for ./Payload/Anounce_Note.app/school_data5.sqlite
copying file ./Payload/Anounce_Note.app/밀양.png ... 
2018-04-24 17:18:03 +0000  5049 bytes for ./Payload/Anounce_Note.app/밀양.png
copying file ./Payload/Anounce_Note.app/embedded.mobileprovision ... 
2018-04-24 17:18:03 +0000  7509 bytes for ./Payload/Anounce_Note.app/embedded.mobileprovision
copying file ./Payload/Anounce_Note.app/school_data7.sqlite ... 
2018-04-24 17:18:03 +0000  65536 bytes for ./Payload/Anounce_Note.app/school_data7.sqlite
copying file ./Payload/Anounce_Note.app/양산.png ... 
2018-04-24 17:18:03 +0000  5415 bytes for ./Payload/Anounce_Note.app/양산.png
copying file ./Payload/Anounce_Note.app/Info.plist ... 
2018-04-24 17:18:03 +0000  1369 bytes for ./Payload/Anounce_Note.app/Info.plist
copying file ./Payload/Anounce_Note.app/school_data11.sqlite ... 
2018-04-24 17:18:03 +0000  65536 bytes for ./Payload/Anounce_Note.app/school_data11.sqlite
copying file ./Payload/Anounce_Note.app/PkgInfo ... 
2018-04-24 17:18:03 +0000  8 bytes for ./Payload/Anounce_Note.app/PkgInfo
copying file ./Payload/Anounce_Note.app/Student_School_Data.sqlite ... 
2018-04-24 17:18:03 +0000  98304 bytes for ./Payload/Anounce_Note.app/Student_School_Data.sqlite
copying file ./Payload/Anounce_Note.app/QnA.png ... 
2018-04-24 17:18:03 +0000  3431 bytes for ./Payload/Anounce_Note.app/QnA.png
2018-04-24 17:18:03 +0000  2018-04-24 17:18:03 +0000  

2018-04-24 17:18:03 +0000  /usr/bin/ditto exited with 0
2018-04-24 17:18:04 +0000  
2018-04-24 17:18:04 +0000  
2018-04-24 17:18:04 +0000  Processing step: IDEDistributionCreateManifestStep
2018-04-24 17:18:04 +0000  Skipping step: IDEDistributionCreateManifestStep because it said so
